/home/ros2/ros2_ws/install/my_robot_controller/lib/python3.10/site-packages/my_robot_controller/__init__.py
/home/ros2/ros2_ws/install/my_robot_controller/lib/python3.10/site-packages/my_robot_controller/seriallist.py
/home/ros2/ros2_ws/install/my_robot_controller/lib/python3.10/site-packages/my_robot_controller/transbot_keyboard.py
/home/ros2/ros2_ws/install/my_robot_controller/lib/python3.10/site-packages/my_robot_controller/motor_controller.py
/home/ros2/ros2_ws/install/my_robot_controller/lib/python3.10/site-packages/my_robot_controller/distance.py
/home/ros2/ros2_ws/install/my_robot_controller/lib/python3.10/site-packages/my_robot_controller/my_first_node.py
/home/ros2/ros2_ws/install/my_robot_controller/lib/python3.10/site-packages/my_robot_controller/pose_subscriber.py
/home/ros2/ros2_ws/install/my_robot_controller/lib/python3.10/site-packages/my_robot_controller/face_tracker_node.py
/home/ros2/ros2_ws/install/my_robot_controller/lib/python3.10/site-packages/my_robot_controller/draw_circle.py
/home/ros2/ros2_ws/install/my_robot_controller/lib/python3.10/site-packages/my_robot_controller/serial_test.py
/home/ros2/ros2_ws/install/my_robot_controller/lib/python3.10/site-packages/my_robot_controller/turtle_controller.py
/home/ros2/ros2_ws/install/my_robot_controller/lib/python3.10/site-packages/my_robot_controller/__pycache__/__init__.cpython-310.pyc
/home/ros2/ros2_ws/install/my_robot_controller/lib/python3.10/site-packages/my_robot_controller/__pycache__/seriallist.cpython-310.pyc
/home/ros2/ros2_ws/install/my_robot_controller/lib/python3.10/site-packages/my_robot_controller/__pycache__/transbot_keyboard.cpython-310.pyc
/home/ros2/ros2_ws/install/my_robot_controller/lib/python3.10/site-packages/my_robot_controller/__pycache__/motor_controller.cpython-310.pyc
/home/ros2/ros2_ws/install/my_robot_controller/lib/python3.10/site-packages/my_robot_controller/__pycache__/distance.cpython-310.pyc
/home/ros2/ros2_ws/install/my_robot_controller/lib/python3.10/site-packages/my_robot_controller/__pycache__/my_first_node.cpython-310.pyc
/home/ros2/ros2_ws/install/my_robot_controller/lib/python3.10/site-packages/my_robot_controller/__pycache__/pose_subscriber.cpython-310.pyc
/home/ros2/ros2_ws/install/my_robot_controller/lib/python3.10/site-packages/my_robot_controller/__pycache__/face_tracker_node.cpython-310.pyc
/home/ros2/ros2_ws/install/my_robot_controller/lib/python3.10/site-packages/my_robot_controller/__pycache__/draw_circle.cpython-310.pyc
/home/ros2/ros2_ws/install/my_robot_controller/lib/python3.10/site-packages/my_robot_controller/__pycache__/serial_test.cpython-310.pyc
/home/ros2/ros2_ws/install/my_robot_controller/lib/python3.10/site-packages/my_robot_controller/__pycache__/turtle_controller.cpython-310.pyc
/home/ros2/ros2_ws/install/my_robot_controller/share/ament_index/resource_index/packages/my_robot_controller
/home/ros2/ros2_ws/install/my_robot_controller/share/my_robot_controller/package.xml
/home/ros2/ros2_ws/install/my_robot_controller/lib/python3.10/site-packages/my_robot_controller-0.0.0-py3.10.egg-info/PKG-INFO
/home/ros2/ros2_ws/install/my_robot_controller/lib/python3.10/site-packages/my_robot_controller-0.0.0-py3.10.egg-info/top_level.txt
/home/ros2/ros2_ws/install/my_robot_controller/lib/python3.10/site-packages/my_robot_controller-0.0.0-py3.10.egg-info/zip-safe
/home/ros2/ros2_ws/install/my_robot_controller/lib/python3.10/site-packages/my_robot_controller-0.0.0-py3.10.egg-info/requires.txt
/home/ros2/ros2_ws/install/my_robot_controller/lib/python3.10/site-packages/my_robot_controller-0.0.0-py3.10.egg-info/entry_points.txt
/home/ros2/ros2_ws/install/my_robot_controller/lib/python3.10/site-packages/my_robot_controller-0.0.0-py3.10.egg-info/SOURCES.txt
/home/ros2/ros2_ws/install/my_robot_controller/lib/python3.10/site-packages/my_robot_controller-0.0.0-py3.10.egg-info/dependency_links.txt
/home/ros2/ros2_ws/install/my_robot_controller/lib/my_robot_controller/distance
/home/ros2/ros2_ws/install/my_robot_controller/lib/my_robot_controller/draw_circle
/home/ros2/ros2_ws/install/my_robot_controller/lib/my_robot_controller/face_tracker_node
/home/ros2/ros2_ws/install/my_robot_controller/lib/my_robot_controller/motor_controller
/home/ros2/ros2_ws/install/my_robot_controller/lib/my_robot_controller/pose_subscriber
/home/ros2/ros2_ws/install/my_robot_controller/lib/my_robot_controller/serial_test
/home/ros2/ros2_ws/install/my_robot_controller/lib/my_robot_controller/test_node
/home/ros2/ros2_ws/install/my_robot_controller/lib/my_robot_controller/turtle_controller
