[3.382s] Invoking command in '/home/ros2/ros2_ws/src/my_robot_controller': PYTHONPATH=/home/ros2/ros2_ws/build/my_robot_controller/prefix_override:/usr/lib/python3/dist-packages/colcon_core/task/python/colcon_distutils_commands:/home/ros2/ros2_ws/install/my_robot_controller/lib/python3.10/site-packages:${PYTHONPATH} /usr/bin/python3 -W ignore:setup.py install is deprecated setup.py egg_info --egg-base ../../build/my_robot_controller build --build-base /home/ros2/ros2_ws/build/my_robot_controller/build install --record /home/ros2/ros2_ws/build/my_robot_controller/install.log --single-version-externally-managed install_data
[4.211s] running egg_info
[4.213s] writing ../../build/my_robot_controller/my_robot_controller.egg-info/PKG-INFO
[4.215s] writing dependency_links to ../../build/my_robot_controller/my_robot_controller.egg-info/dependency_links.txt
[4.216s] writing entry points to ../../build/my_robot_controller/my_robot_controller.egg-info/entry_points.txt
[4.217s] writing requirements to ../../build/my_robot_controller/my_robot_controller.egg-info/requires.txt
[4.217s] writing top-level names to ../../build/my_robot_controller/my_robot_controller.egg-info/top_level.txt
[4.228s] reading manifest file '../../build/my_robot_controller/my_robot_controller.egg-info/SOURCES.txt'
[4.232s] writing manifest file '../../build/my_robot_controller/my_robot_controller.egg-info/SOURCES.txt'
[4.232s] running build
[4.232s] running build_py
[4.237s] copying my_robot_controller/serial_test.py -> /home/ros2/ros2_ws/build/my_robot_controller/build/lib/my_robot_controller
[4.238s] running install
[4.239s] running install_lib
[4.243s] copying /home/ros2/ros2_ws/build/my_robot_controller/build/lib/my_robot_controller/serial_test.py -> /home/ros2/ros2_ws/install/my_robot_controller/lib/python3.10/site-packages/my_robot_controller
[4.246s] byte-compiling /home/ros2/ros2_ws/install/my_robot_controller/lib/python3.10/site-packages/my_robot_controller/serial_test.py to serial_test.cpython-310.pyc
[4.249s] running install_data
[4.253s] running install_egg_info
[4.259s] removing '/home/ros2/ros2_ws/install/my_robot_controller/lib/python3.10/site-packages/my_robot_controller-0.0.0-py3.10.egg-info' (and everything under it)
[4.260s] Copying ../../build/my_robot_controller/my_robot_controller.egg-info to /home/ros2/ros2_ws/install/my_robot_controller/lib/python3.10/site-packages/my_robot_controller-0.0.0-py3.10.egg-info
[4.264s] running install_scripts
[4.333s] Installing distance script to /home/ros2/ros2_ws/install/my_robot_controller/lib/my_robot_controller
[4.334s] Installing draw_circle script to /home/ros2/ros2_ws/install/my_robot_controller/lib/my_robot_controller
[4.334s] Installing face_tracker_node script to /home/ros2/ros2_ws/install/my_robot_controller/lib/my_robot_controller
[4.335s] Installing motor_controller script to /home/ros2/ros2_ws/install/my_robot_controller/lib/my_robot_controller
[4.335s] Installing pose_subscriber script to /home/ros2/ros2_ws/install/my_robot_controller/lib/my_robot_controller
[4.336s] Installing serial_test script to /home/ros2/ros2_ws/install/my_robot_controller/lib/my_robot_controller
[4.336s] Installing test_node script to /home/ros2/ros2_ws/install/my_robot_controller/lib/my_robot_controller
[4.336s] Installing turtle_controller script to /home/ros2/ros2_ws/install/my_robot_controller/lib/my_robot_controller
[4.338s] writing list of installed files to '/home/ros2/ros2_ws/build/my_robot_controller/install.log'
[4.457s] Invoked command in '/home/ros2/ros2_ws/src/my_robot_controller' returned '0': PYTHONPATH=/home/ros2/ros2_ws/build/my_robot_controller/prefix_override:/usr/lib/python3/dist-packages/colcon_core/task/python/colcon_distutils_commands:/home/ros2/ros2_ws/install/my_robot_controller/lib/python3.10/site-packages:${PYTHONPATH} /usr/bin/python3 -W ignore:setup.py install is deprecated setup.py egg_info --egg-base ../../build/my_robot_controller build --build-base /home/ros2/ros2_ws/build/my_robot_controller/build install --record /home/ros2/ros2_ws/build/my_robot_controller/install.log --single-version-externally-managed install_data
