[2.392s] Invoking command in '/home/ros2/ros2_ws/src/my_robot_controller': PYTHONPATH=/home/ros2/ros2_ws/build/my_robot_controller/prefix_override:/usr/lib/python3/dist-packages/colcon_core/task/python/colcon_distutils_commands:/home/ros2/ros2_ws/install/my_robot_controller/lib/python3.10/site-packages:${PYTHONPATH} /usr/bin/python3 -W ignore:setup.py install is deprecated setup.py egg_info --egg-base ../../build/my_robot_controller build --build-base /home/ros2/ros2_ws/build/my_robot_controller/build install --record /home/ros2/ros2_ws/build/my_robot_controller/install.log --single-version-externally-managed install_data
[3.206s] running egg_info
[3.208s] writing ../../build/my_robot_controller/my_robot_controller.egg-info/PKG-INFO
[3.208s] writing dependency_links to ../../build/my_robot_controller/my_robot_controller.egg-info/dependency_links.txt
[3.209s] writing entry points to ../../build/my_robot_controller/my_robot_controller.egg-info/entry_points.txt
[3.210s] writing requirements to ../../build/my_robot_controller/my_robot_controller.egg-info/requires.txt
[3.210s] writing top-level names to ../../build/my_robot_controller/my_robot_controller.egg-info/top_level.txt
[3.218s] reading manifest file '../../build/my_robot_controller/my_robot_controller.egg-info/SOURCES.txt'
[3.221s] writing manifest file '../../build/my_robot_controller/my_robot_controller.egg-info/SOURCES.txt'
[3.221s] running build
[3.222s] running build_py
[3.223s] copying my_robot_controller/distance.py -> /home/ros2/ros2_ws/build/my_robot_controller/build/lib/my_robot_controller
[3.224s] running install
[3.225s] running install_lib
[3.227s] copying /home/ros2/ros2_ws/build/my_robot_controller/build/lib/my_robot_controller/distance.py -> /home/ros2/ros2_ws/install/my_robot_controller/lib/python3.10/site-packages/my_robot_controller
[3.229s] byte-compiling /home/ros2/ros2_ws/install/my_robot_controller/lib/python3.10/site-packages/my_robot_controller/distance.py to distance.cpython-310.pyc
[3.233s] running install_data
[3.233s] running install_egg_info
[3.238s] removing '/home/ros2/ros2_ws/install/my_robot_controller/lib/python3.10/site-packages/my_robot_controller-0.0.0-py3.10.egg-info' (and everything under it)
[3.239s] Copying ../../build/my_robot_controller/my_robot_controller.egg-info to /home/ros2/ros2_ws/install/my_robot_controller/lib/python3.10/site-packages/my_robot_controller-0.0.0-py3.10.egg-info
[3.242s] running install_scripts
[3.306s] Installing distance script to /home/ros2/ros2_ws/install/my_robot_controller/lib/my_robot_controller
[3.306s] Installing draw_circle script to /home/ros2/ros2_ws/install/my_robot_controller/lib/my_robot_controller
[3.307s] Installing face_tracker_node script to /home/ros2/ros2_ws/install/my_robot_controller/lib/my_robot_controller
[3.307s] Installing motor_controller script to /home/ros2/ros2_ws/install/my_robot_controller/lib/my_robot_controller
[3.308s] Installing pose_subscriber script to /home/ros2/ros2_ws/install/my_robot_controller/lib/my_robot_controller
[3.308s] Installing test_node script to /home/ros2/ros2_ws/install/my_robot_controller/lib/my_robot_controller
[3.308s] Installing turtle_controller script to /home/ros2/ros2_ws/install/my_robot_controller/lib/my_robot_controller
[3.310s] writing list of installed files to '/home/ros2/ros2_ws/build/my_robot_controller/install.log'
[3.394s] Invoked command in '/home/ros2/ros2_ws/src/my_robot_controller' returned '0': PYTHONPATH=/home/ros2/ros2_ws/build/my_robot_controller/prefix_override:/usr/lib/python3/dist-packages/colcon_core/task/python/colcon_distutils_commands:/home/ros2/ros2_ws/install/my_robot_controller/lib/python3.10/site-packages:${PYTHONPATH} /usr/bin/python3 -W ignore:setup.py install is deprecated setup.py egg_info --egg-base ../../build/my_robot_controller build --build-base /home/ros2/ros2_ws/build/my_robot_controller/build install --record /home/ros2/ros2_ws/build/my_robot_controller/install.log --single-version-externally-managed install_data
