[0.332s] DEBUG:colcon:Command line arguments: ['/usr/bin/colcon', 'build']
[0.333s] DEBUG:colcon:Parsed command line arguments: Namespace(log_base=None, log_level=None, verb_name='build', build_base='build', install_base='install', merge_install=False, symlink_install=False, test_result_base=None, continue_on_error=False, executor='parallel', parallel_workers=6, event_handlers=None, ignore_user_meta=False, metas=['./colcon.meta'], base_paths=['.'], packages_ignore=None, packages_ignore_regex=None, paths=None, packages_up_to=None, packages_up_to_regex=None, packages_above=None, packages_above_and_dependencies=None, packages_above_depth=None, packages_select_by_dep=None, packages_skip_by_dep=None, packages_skip_up_to=None, packages_select_build_failed=False, packages_skip_build_finished=False, packages_select_test_failures=False, packages_skip_test_passed=False, packages_select=None, packages_skip=None, packages_select_regex=None, packages_skip_regex=None, packages_start=None, packages_end=None, allow_overriding=[], cmake_args=None, cmake_target=None, cmake_target_skip_unavailable=False, cmake_clean_cache=False, cmake_clean_first=False, cmake_force_configure=False, ament_cmake_args=None, catkin_cmake_args=None, catkin_skip_building_tests=False, verb_parser=<colcon_defaults.argument_parser.defaults.DefaultArgumentsDecorator object at 0xffffb0520700>, verb_extension=<colcon_core.verb.build.BuildVerb object at 0xffffb0619b40>, main=<bound method BuildVerb.main of <colcon_core.verb.build.BuildVerb object at 0xffffb0619b40>>)
[0.834s] Level 1:colcon.colcon_core.package_discovery:discover_packages(colcon_meta) check parameters
[0.835s] Level 1:colcon.colcon_core.package_discovery:discover_packages(recursive) check parameters
[0.835s] Level 1:colcon.colcon_core.package_discovery:discover_packages(ignore) check parameters
[0.835s] Level 1:colcon.colcon_core.package_discovery:discover_packages(path) check parameters
[0.835s] Level 1:colcon.colcon_core.package_discovery:discover_packages(colcon_meta) discover
[0.835s] Level 1:colcon.colcon_core.package_discovery:discover_packages(recursive) discover
[0.836s] INFO:colcon.colcon_core.package_discovery:Crawling recursively for packages in '/home/ros2/ros2_ws'
[0.836s] Level 1:colcon.colcon_core.package_identification:_identify(.) by extensions ['ignore', 'ignore_ament_install']
[0.836s] Level 1:colcon.colcon_core.package_identification:_identify(.) by extension 'ignore'
[0.837s] Level 1:colcon.colcon_core.package_identification:_identify(.) by extension 'ignore_ament_install'
[0.837s] Level 1:colcon.colcon_core.package_identification:_identify(.) by extensions ['colcon_pkg']
[0.837s] Level 1:colcon.colcon_core.package_identification:_identify(.) by extension 'colcon_pkg'
[0.837s] Level 1:colcon.colcon_core.package_identification:_identify(.) by extensions ['colcon_meta']
[0.837s] Level 1:colcon.colcon_core.package_identification:_identify(.) by extension 'colcon_meta'
[0.837s] Level 1:colcon.colcon_core.package_identification:_identify(.) by extensions ['ros']
[0.837s] Level 1:colcon.colcon_core.package_identification:_identify(.) by extension 'ros'
[0.872s] Level 1:colcon.colcon_core.package_identification:_identify(.) by extensions ['cmake', 'python']
[0.872s] Level 1:colcon.colcon_core.package_identification:_identify(.) by extension 'cmake'
[0.873s] Level 1:colcon.colcon_core.package_identification:_identify(.) by extension 'python'
[0.873s] Level 1:colcon.colcon_core.package_identification:_identify(.) by extensions ['python_setup_py']
[0.873s] Level 1:colcon.colcon_core.package_identification:_identify(.) by extension 'python_setup_py'
[0.873s] Level 1:colcon.colcon_core.package_identification:_identify(build) by extensions ['ignore', 'ignore_ament_install']
[0.874s] Level 1:colcon.colcon_core.package_identification:_identify(build) by extension 'ignore'
[0.874s] Level 1:colcon.colcon_core.package_identification:_identify(build) ignored
[0.874s] Level 1:colcon.colcon_core.package_identification:_identify(install) by extensions ['ignore', 'ignore_ament_install']
[0.875s] Level 1:colcon.colcon_core.package_identification:_identify(install) by extension 'ignore'
[0.875s] Level 1:colcon.colcon_core.package_identification:_identify(install) ignored
[0.875s] Level 1:colcon.colcon_core.package_identification:_identify(log) by extensions ['ignore', 'ignore_ament_install']
[0.876s] Level 1:colcon.colcon_core.package_identification:_identify(log) by extension 'ignore'
[0.876s] Level 1:colcon.colcon_core.package_identification:_identify(log) ignored
[0.876s] Level 1:colcon.colcon_core.package_identification:_identify(src) by extensions ['ignore', 'ignore_ament_install']
[0.876s] Level 1:colcon.colcon_core.package_identification:_identify(src) by extension 'ignore'
[0.877s] Level 1:colcon.colcon_core.package_identification:_identify(src) by extension 'ignore_ament_install'
[0.877s] Level 1:colcon.colcon_core.package_identification:_identify(src) by extensions ['colcon_pkg']
[0.877s] Level 1:colcon.colcon_core.package_identification:_identify(src) by extension 'colcon_pkg'
[0.877s] Level 1:colcon.colcon_core.package_identification:_identify(src) by extensions ['colcon_meta']
[0.877s] Level 1:colcon.colcon_core.package_identification:_identify(src) by extension 'colcon_meta'
[0.877s] Level 1:colcon.colcon_core.package_identification:_identify(src) by extensions ['ros']
[0.877s] Level 1:colcon.colcon_core.package_identification:_identify(src) by extension 'ros'
[0.878s] Level 1:colcon.colcon_core.package_identification:_identify(src) by extensions ['cmake', 'python']
[0.878s] Level 1:colcon.colcon_core.package_identification:_identify(src) by extension 'cmake'
[0.878s] Level 1:colcon.colcon_core.package_identification:_identify(src) by extension 'python'
[0.878s] Level 1:colcon.colcon_core.package_identification:_identify(src) by extensions ['python_setup_py']
[0.878s] Level 1:colcon.colcon_core.package_identification:_identify(src) by extension 'python_setup_py'
[0.879s] Level 1:colcon.colcon_core.package_identification:_identify(src/my_robot_controller) by extensions ['ignore', 'ignore_ament_install']
[0.879s] Level 1:colcon.colcon_core.package_identification:_identify(src/my_robot_controller) by extension 'ignore'
[0.879s] Level 1:colcon.colcon_core.package_identification:_identify(src/my_robot_controller) by extension 'ignore_ament_install'
[0.879s] Level 1:colcon.colcon_core.package_identification:_identify(src/my_robot_controller) by extensions ['colcon_pkg']
[0.879s] Level 1:colcon.colcon_core.package_identification:_identify(src/my_robot_controller) by extension 'colcon_pkg'
[0.879s] Level 1:colcon.colcon_core.package_identification:_identify(src/my_robot_controller) by extensions ['colcon_meta']
[0.879s] Level 1:colcon.colcon_core.package_identification:_identify(src/my_robot_controller) by extension 'colcon_meta'
[0.880s] Level 1:colcon.colcon_core.package_identification:_identify(src/my_robot_controller) by extensions ['ros']
[0.880s] Level 1:colcon.colcon_core.package_identification:_identify(src/my_robot_controller) by extension 'ros'
[0.888s] DEBUG:colcon.colcon_core.package_identification:Package 'src/my_robot_controller' with type 'ros.ament_python' and name 'my_robot_controller'
[0.888s] Level 1:colcon.colcon_core.package_discovery:discover_packages(recursive) using defaults
[0.888s] Level 1:colcon.colcon_core.package_discovery:discover_packages(ignore) discover
[0.888s] Level 1:colcon.colcon_core.package_discovery:discover_packages(ignore) using defaults
[0.888s] Level 1:colcon.colcon_core.package_discovery:discover_packages(path) discover
[0.888s] Level 1:colcon.colcon_core.package_discovery:discover_packages(path) using defaults
[0.956s] Level 1:colcon.colcon_core.package_discovery:discover_packages(prefix_path) check parameters
[0.956s] Level 1:colcon.colcon_core.package_discovery:discover_packages(prefix_path) discover
[0.962s] DEBUG:colcon.colcon_installed_package_information.package_discovery:Found 1 installed packages in /home/ros2/ros2_ws/install
[0.963s] DEBUG:colcon.colcon_installed_package_information.package_discovery:Found 1 installed packages in /home/txst-robotics/ros2_ws1/install
[0.967s] DEBUG:colcon.colcon_installed_package_information.package_discovery:Found 270 installed packages in /opt/ros/humble
[0.971s] Level 1:colcon.colcon_core.package_discovery:discover_packages(prefix_path) using defaults
[1.165s] Level 5:colcon.colcon_core.verb:set package 'my_robot_controller' build argument 'cmake_args' from command line to 'None'
[1.165s] Level 5:colcon.colcon_core.verb:set package 'my_robot_controller' build argument 'cmake_target' from command line to 'None'
[1.165s] Level 5:colcon.colcon_core.verb:set package 'my_robot_controller' build argument 'cmake_target_skip_unavailable' from command line to 'False'
[1.166s] Level 5:colcon.colcon_core.verb:set package 'my_robot_controller' build argument 'cmake_clean_cache' from command line to 'False'
[1.166s] Level 5:colcon.colcon_core.verb:set package 'my_robot_controller' build argument 'cmake_clean_first' from command line to 'False'
[1.166s] Level 5:colcon.colcon_core.verb:set package 'my_robot_controller' build argument 'cmake_force_configure' from command line to 'False'
[1.166s] Level 5:colcon.colcon_core.verb:set package 'my_robot_controller' build argument 'ament_cmake_args' from command line to 'None'
[1.166s] Level 5:colcon.colcon_core.verb:set package 'my_robot_controller' build argument 'catkin_cmake_args' from command line to 'None'
[1.166s] Level 5:colcon.colcon_core.verb:set package 'my_robot_controller' build argument 'catkin_skip_building_tests' from command line to 'False'
[1.166s] DEBUG:colcon.colcon_core.verb:Building package 'my_robot_controller' with the following arguments: {'ament_cmake_args': None, 'build_base': '/home/ros2/ros2_ws/build/my_robot_controller', 'catkin_cmake_args': None, 'catkin_skip_building_tests': False, 'cmake_args': None, 'cmake_clean_cache': False, 'cmake_clean_first': False, 'cmake_force_configure': False, 'cmake_target': None, 'cmake_target_skip_unavailable': False, 'install_base': '/home/ros2/ros2_ws/install/my_robot_controller', 'merge_install': False, 'path': '/home/ros2/ros2_ws/src/my_robot_controller', 'symlink_install': False, 'test_result_base': None}
[1.167s] INFO:colcon.colcon_core.executor:Executing jobs using 'parallel' executor
[1.171s] DEBUG:colcon.colcon_parallel_executor.executor.parallel:run_until_complete
[1.172s] INFO:colcon.colcon_ros.task.ament_python.build:Building ROS package in '/home/ros2/ros2_ws/src/my_robot_controller' with build type 'ament_python'
[1.173s] Level 1:colcon.colcon_core.shell:create_environment_hook('my_robot_controller', 'ament_prefix_path')
[1.185s] INFO:colcon.colcon_core.plugin_system:Skipping extension 'colcon_core.shell.bat': Not used on non-Windows systems
[1.188s] INFO:colcon.colcon_core.shell:Creating environment hook '/home/ros2/ros2_ws/install/my_robot_controller/share/my_robot_controller/hook/ament_prefix_path.ps1'
[1.194s] INFO:colcon.colcon_core.shell:Creating environment descriptor '/home/ros2/ros2_ws/install/my_robot_controller/share/my_robot_controller/hook/ament_prefix_path.dsv'
[1.196s] INFO:colcon.colcon_core.shell:Creating environment hook '/home/ros2/ros2_ws/install/my_robot_controller/share/my_robot_controller/hook/ament_prefix_path.sh'
[1.201s] INFO:colcon.colcon_core.shell:Skip shell extension 'powershell' for command environment: Not usable outside of PowerShell
[1.201s] DEBUG:colcon.colcon_core.shell:Skip shell extension 'dsv' for command environment
[2.013s] INFO:colcon.colcon_core.task.python.build:Building Python package in '/home/ros2/ros2_ws/src/my_robot_controller'
[2.015s] INFO:colcon.colcon_core.shell:Skip shell extension 'powershell' for command environment: Not usable outside of PowerShell
[2.015s] DEBUG:colcon.colcon_core.shell:Skip shell extension 'dsv' for command environment
[2.777s] DEBUG:colcon.colcon_core.event_handler.log_command:Invoking command in '/home/ros2/ros2_ws/src/my_robot_controller': PYTHONPATH=/home/ros2/ros2_ws/build/my_robot_controller/prefix_override:/usr/lib/python3/dist-packages/colcon_core/task/python/colcon_distutils_commands:/home/ros2/ros2_ws/install/my_robot_controller/lib/python3.10/site-packages:${PYTHONPATH} /usr/bin/python3 -W ignore:setup.py install is deprecated setup.py egg_info --egg-base ../../build/my_robot_controller build --build-base /home/ros2/ros2_ws/build/my_robot_controller/build install --record /home/ros2/ros2_ws/build/my_robot_controller/install.log --single-version-externally-managed install_data
[3.811s] DEBUG:colcon.colcon_core.event_handler.log_command:Invoked command in '/home/ros2/ros2_ws/src/my_robot_controller' returned '0': PYTHONPATH=/home/ros2/ros2_ws/build/my_robot_controller/prefix_override:/usr/lib/python3/dist-packages/colcon_core/task/python/colcon_distutils_commands:/home/ros2/ros2_ws/install/my_robot_controller/lib/python3.10/site-packages:${PYTHONPATH} /usr/bin/python3 -W ignore:setup.py install is deprecated setup.py egg_info --egg-base ../../build/my_robot_controller build --build-base /home/ros2/ros2_ws/build/my_robot_controller/build install --record /home/ros2/ros2_ws/build/my_robot_controller/install.log --single-version-externally-managed install_data
[3.826s] Level 1:colcon.colcon_core.environment:checking '/home/ros2/ros2_ws/install/my_robot_controller' for CMake module files
[3.829s] Level 1:colcon.colcon_core.environment:checking '/home/ros2/ros2_ws/install/my_robot_controller' for CMake config files
[3.833s] Level 1:colcon.colcon_core.environment:checking '/home/ros2/ros2_ws/install/my_robot_controller/lib'
[3.834s] Level 1:colcon.colcon_core.environment:checking '/home/ros2/ros2_ws/install/my_robot_controller/bin'
[3.834s] Level 1:colcon.colcon_core.environment:checking '/home/ros2/ros2_ws/install/my_robot_controller/lib/pkgconfig/my_robot_controller.pc'
[3.835s] Level 1:colcon.colcon_core.environment:checking '/home/ros2/ros2_ws/install/my_robot_controller/lib/python3.10/site-packages'
[3.835s] Level 1:colcon.colcon_core.shell:create_environment_hook('my_robot_controller', 'pythonpath')
[3.836s] INFO:colcon.colcon_core.shell:Creating environment hook '/home/ros2/ros2_ws/install/my_robot_controller/share/my_robot_controller/hook/pythonpath.ps1'
[4.855s] INFO:colcon.colcon_core.shell:Creating environment descriptor '/home/ros2/ros2_ws/install/my_robot_controller/share/my_robot_controller/hook/pythonpath.dsv'
[4.857s] INFO:colcon.colcon_core.shell:Creating environment hook '/home/ros2/ros2_ws/install/my_robot_controller/share/my_robot_controller/hook/pythonpath.sh'
[4.860s] Level 1:colcon.colcon_core.environment:checking '/home/ros2/ros2_ws/install/my_robot_controller/bin'
[4.860s] Level 1:colcon.colcon_core.environment:create_environment_scripts_only(my_robot_controller)
[4.861s] INFO:colcon.colcon_core.shell:Creating package script '/home/ros2/ros2_ws/install/my_robot_controller/share/my_robot_controller/package.ps1'
[4.863s] INFO:colcon.colcon_core.shell:Creating package descriptor '/home/ros2/ros2_ws/install/my_robot_controller/share/my_robot_controller/package.dsv'
[4.865s] INFO:colcon.colcon_core.shell:Creating package script '/home/ros2/ros2_ws/install/my_robot_controller/share/my_robot_controller/package.sh'
[4.867s] INFO:colcon.colcon_core.shell:Creating package script '/home/ros2/ros2_ws/install/my_robot_controller/share/my_robot_controller/package.bash'
[4.869s] INFO:colcon.colcon_core.shell:Creating package script '/home/ros2/ros2_ws/install/my_robot_controller/share/my_robot_controller/package.zsh'
[4.872s] Level 1:colcon.colcon_core.environment:create_file_with_runtime_dependencies(/home/ros2/ros2_ws/install/my_robot_controller/share/colcon-core/packages/my_robot_controller)
[4.873s] DEBUG:colcon.colcon_parallel_executor.executor.parallel:closing loop
[4.874s] DEBUG:colcon.colcon_parallel_executor.executor.parallel:loop closed
[4.876s] DEBUG:colcon.colcon_parallel_executor.executor.parallel:run_until_complete finished with '0'
[4.876s] DEBUG:colcon.colcon_core.event_reactor:joining thread
[4.892s] INFO:colcon.colcon_core.plugin_system:Skipping extension 'colcon_notification.desktop_notification.terminal_notifier': Not used on non-Darwin systems
[4.893s] INFO:colcon.colcon_core.plugin_system:Skipping extension 'colcon_notification.desktop_notification.win32': Not used on non-Windows systems
[4.893s] INFO:colcon.colcon_notification.desktop_notification:Sending desktop notification using 'notify2'
[4.932s] DEBUG:colcon.colcon_core.event_reactor:joined thread
[4.933s] INFO:colcon.colcon_core.shell:Creating prefix script '/home/ros2/ros2_ws/install/local_setup.ps1'
[4.935s] INFO:colcon.colcon_core.shell:Creating prefix util module '/home/ros2/ros2_ws/install/_local_setup_util_ps1.py'
[4.938s] INFO:colcon.colcon_core.shell:Creating prefix chain script '/home/ros2/ros2_ws/install/setup.ps1'
[4.941s] INFO:colcon.colcon_core.shell:Creating prefix script '/home/ros2/ros2_ws/install/local_setup.sh'
[4.942s] INFO:colcon.colcon_core.shell:Creating prefix util module '/home/ros2/ros2_ws/install/_local_setup_util_sh.py'
[4.944s] INFO:colcon.colcon_core.shell:Creating prefix chain script '/home/ros2/ros2_ws/install/setup.sh'
[4.946s] INFO:colcon.colcon_core.shell:Creating prefix script '/home/ros2/ros2_ws/install/local_setup.bash'
[4.947s] INFO:colcon.colcon_core.shell:Creating prefix chain script '/home/ros2/ros2_ws/install/setup.bash'
[4.949s] INFO:colcon.colcon_core.shell:Creating prefix script '/home/ros2/ros2_ws/install/local_setup.zsh'
[4.950s] INFO:colcon.colcon_core.shell:Creating prefix chain script '/home/ros2/ros2_ws/install/setup.zsh'
