[2.003s] Invoking command in '/home/ros2/ros2_ws/src/teleop_twist_keyboard-dashing': PYTHONPATH=/home/ros2/ros2_ws/build/teleop_twist_keyboard/prefix_override:/usr/lib/python3/dist-packages/colcon_core/task/python/colcon_distutils_commands:/home/ros2/ros2_ws/install/teleop_twist_keyboard/lib/python3.10/site-packages:${PYTHONPATH} /usr/bin/python3 -W ignore:setup.py install is deprecated setup.py egg_info --egg-base ../../build/teleop_twist_keyboard build --build-base /home/ros2/ros2_ws/build/teleop_twist_keyboard/build install --record /home/ros2/ros2_ws/build/teleop_twist_keyboard/install.log --single-version-externally-managed install_data
[2.834s] running egg_info
[2.836s] writing ../../build/teleop_twist_keyboard/teleop_twist_keyboard.egg-info/PKG-INFO
[2.837s] writing dependency_links to ../../build/teleop_twist_keyboard/teleop_twist_keyboard.egg-info/dependency_links.txt
[2.837s] writing entry points to ../../build/teleop_twist_keyboard/teleop_twist_keyboard.egg-info/entry_points.txt
[2.838s] writing requirements to ../../build/teleop_twist_keyboard/teleop_twist_keyboard.egg-info/requires.txt
[2.838s] writing top-level names to ../../build/teleop_twist_keyboard/teleop_twist_keyboard.egg-info/top_level.txt
[2.843s] reading manifest file '../../build/teleop_twist_keyboard/teleop_twist_keyboard.egg-info/SOURCES.txt'
[2.844s] adding license file 'LICENSE'
[2.849s] writing manifest file '../../build/teleop_twist_keyboard/teleop_twist_keyboard.egg-info/SOURCES.txt'
[2.850s] running build
[2.850s] running build_py
[2.850s] running install
[2.851s] running install_lib
[2.854s] running install_data
[2.854s] running install_egg_info
[2.859s] removing '/home/ros2/ros2_ws/install/teleop_twist_keyboard/lib/python3.10/site-packages/teleop_twist_keyboard-2.4.0-py3.10.egg-info' (and everything under it)
[2.860s] Copying ../../build/teleop_twist_keyboard/teleop_twist_keyboard.egg-info to /home/ros2/ros2_ws/install/teleop_twist_keyboard/lib/python3.10/site-packages/teleop_twist_keyboard-2.4.0-py3.10.egg-info
[2.863s] running install_scripts
[2.922s] Installing teleop_twist_keyboard script to /home/ros2/ros2_ws/install/teleop_twist_keyboard/lib/teleop_twist_keyboard
[2.923s] writing list of installed files to '/home/ros2/ros2_ws/build/teleop_twist_keyboard/install.log'
[3.008s] Invoked command in '/home/ros2/ros2_ws/src/teleop_twist_keyboard-dashing' returned '0': PYTHONPATH=/home/ros2/ros2_ws/build/teleop_twist_keyboard/prefix_override:/usr/lib/python3/dist-packages/colcon_core/task/python/colcon_distutils_commands:/home/ros2/ros2_ws/install/teleop_twist_keyboard/lib/python3.10/site-packages:${PYTHONPATH} /usr/bin/python3 -W ignore:setup.py install is deprecated setup.py egg_info --egg-base ../../build/teleop_twist_keyboard build --build-base /home/ros2/ros2_ws/build/teleop_twist_keyboard/build install --record /home/ros2/ros2_ws/build/teleop_twist_keyboard/install.log --single-version-externally-managed install_data
