[2.813s] Invoking command in '/home/ros2/ros2_ws/src/teleop_twist_keyboard-dashing': PYTHONPATH=/home/ros2/ros2_ws/build/teleop_twist_keyboard/prefix_override:/usr/lib/python3/dist-packages/colcon_core/task/python/colcon_distutils_commands:/home/ros2/ros2_ws/install/teleop_twist_keyboard/lib/python3.10/site-packages:${PYTHONPATH} /usr/bin/python3 -W ignore:setup.py install is deprecated setup.py egg_info --egg-base ../../build/teleop_twist_keyboard build --build-base /home/ros2/ros2_ws/build/teleop_twist_keyboard/build install --record /home/ros2/ros2_ws/build/teleop_twist_keyboard/install.log --single-version-externally-managed install_data
[3.615s] running egg_info
[3.617s] creating ../../build/teleop_twist_keyboard/teleop_twist_keyboard.egg-info
[3.618s] writing ../../build/teleop_twist_keyboard/teleop_twist_keyboard.egg-info/PKG-INFO
[3.619s] writing dependency_links to ../../build/teleop_twist_keyboard/teleop_twist_keyboard.egg-info/dependency_links.txt
[3.620s] writing entry points to ../../build/teleop_twist_keyboard/teleop_twist_keyboard.egg-info/entry_points.txt
[3.620s] writing requirements to ../../build/teleop_twist_keyboard/teleop_twist_keyboard.egg-info/requires.txt
[3.621s] writing top-level names to ../../build/teleop_twist_keyboard/teleop_twist_keyboard.egg-info/top_level.txt
[3.621s] writing manifest file '../../build/teleop_twist_keyboard/teleop_twist_keyboard.egg-info/SOURCES.txt'
[3.627s] reading manifest file '../../build/teleop_twist_keyboard/teleop_twist_keyboard.egg-info/SOURCES.txt'
[3.632s] adding license file 'LICENSE'
[3.634s] writing manifest file '../../build/teleop_twist_keyboard/teleop_twist_keyboard.egg-info/SOURCES.txt'
[3.634s] running build
[3.635s] running build_py
[3.635s] creating /home/ros2/ros2_ws/build/teleop_twist_keyboard/build
[3.635s] creating /home/ros2/ros2_ws/build/teleop_twist_keyboard/build/lib
[3.636s] copying teleop_twist_keyboard.py -> /home/ros2/ros2_ws/build/teleop_twist_keyboard/build/lib
[3.638s] running install
[3.639s] running install_lib
[3.641s] copying /home/ros2/ros2_ws/build/teleop_twist_keyboard/build/lib/teleop_twist_keyboard.py -> /home/ros2/ros2_ws/install/teleop_twist_keyboard/lib/python3.10/site-packages
[3.643s] byte-compiling /home/ros2/ros2_ws/install/teleop_twist_keyboard/lib/python3.10/site-packages/teleop_twist_keyboard.py to teleop_twist_keyboard.cpython-310.pyc
[3.647s] running install_data
[3.647s] creating /home/ros2/ros2_ws/install/teleop_twist_keyboard/share/ament_index
[3.648s] creating /home/ros2/ros2_ws/install/teleop_twist_keyboard/share/ament_index/resource_index
[3.648s] creating /home/ros2/ros2_ws/install/teleop_twist_keyboard/share/ament_index/resource_index/packages
[3.648s] copying resource/teleop_twist_keyboard -> /home/ros2/ros2_ws/install/teleop_twist_keyboard/share/ament_index/resource_index/packages
[3.649s] copying package.xml -> /home/ros2/ros2_ws/install/teleop_twist_keyboard/share/teleop_twist_keyboard
[3.649s] running install_egg_info
[3.654s] Copying ../../build/teleop_twist_keyboard/teleop_twist_keyboard.egg-info to /home/ros2/ros2_ws/install/teleop_twist_keyboard/lib/python3.10/site-packages/teleop_twist_keyboard-2.4.0-py3.10.egg-info
[3.657s] running install_scripts
[3.723s] Installing teleop_twist_keyboard script to /home/ros2/ros2_ws/install/teleop_twist_keyboard/lib/teleop_twist_keyboard
[3.723s] writing list of installed files to '/home/ros2/ros2_ws/build/teleop_twist_keyboard/install.log'
[3.838s] Invoked command in '/home/ros2/ros2_ws/src/teleop_twist_keyboard-dashing' returned '0': PYTHONPATH=/home/ros2/ros2_ws/build/teleop_twist_keyboard/prefix_override:/usr/lib/python3/dist-packages/colcon_core/task/python/colcon_distutils_commands:/home/ros2/ros2_ws/install/teleop_twist_keyboard/lib/python3.10/site-packages:${PYTHONPATH} /usr/bin/python3 -W ignore:setup.py install is deprecated setup.py egg_info --egg-base ../../build/teleop_twist_keyboard build --build-base /home/ros2/ros2_ws/build/teleop_twist_keyboard/build install --record /home/ros2/ros2_ws/build/teleop_twist_keyboard/install.log --single-version-externally-managed install_data
