[0.739s] Invoking command in '/home/ros2/ros2_ws/src/my_robot_controller': PYTHONPATH=/home/ros2/ros2_ws/build/my_robot_controller/prefix_override:/usr/lib/python3/dist-packages/colcon_core/task/python/colcon_distutils_commands:/home/ros2/ros2_ws/install/my_robot_controller/lib/python3.10/site-packages:${PYTHONPATH} /usr/bin/python3 -W ignore:setup.py install is deprecated setup.py egg_info --egg-base ../../build/my_robot_controller build --build-base /home/ros2/ros2_ws/build/my_robot_controller/build install --record /home/ros2/ros2_ws/build/my_robot_controller/install.log --single-version-externally-managed install_data
[1.015s] running egg_info
[1.016s] creating ../../build/my_robot_controller/my_robot_controller.egg-info
[1.016s] writing ../../build/my_robot_controller/my_robot_controller.egg-info/PKG-INFO
[1.016s] writing dependency_links to ../../build/my_robot_controller/my_robot_controller.egg-info/dependency_links.txt
[1.016s] writing entry points to ../../build/my_robot_controller/my_robot_controller.egg-info/entry_points.txt
[1.016s] writing requirements to ../../build/my_robot_controller/my_robot_controller.egg-info/requires.txt
[1.016s] writing top-level names to ../../build/my_robot_controller/my_robot_controller.egg-info/top_level.txt
[1.017s] writing manifest file '../../build/my_robot_controller/my_robot_controller.egg-info/SOURCES.txt'
[1.018s] reading manifest file '../../build/my_robot_controller/my_robot_controller.egg-info/SOURCES.txt'
[1.019s] writing manifest file '../../build/my_robot_controller/my_robot_controller.egg-info/SOURCES.txt'
[1.020s] running build
[1.020s] running build_py
[1.020s] creating /home/ros2/ros2_ws/build/my_robot_controller/build
[1.020s] creating /home/ros2/ros2_ws/build/my_robot_controller/build/lib
[1.020s] creating /home/ros2/ros2_ws/build/my_robot_controller/build/lib/my_robot_controller
[1.020s] copying my_robot_controller/__init__.py -> /home/ros2/ros2_ws/build/my_robot_controller/build/lib/my_robot_controller
[1.020s] running install
[1.020s] running install_lib
[1.021s] creating /home/ros2/ros2_ws/install/my_robot_controller/lib/python3.10/site-packages/my_robot_controller
[1.021s] copying /home/ros2/ros2_ws/build/my_robot_controller/build/lib/my_robot_controller/__init__.py -> /home/ros2/ros2_ws/install/my_robot_controller/lib/python3.10/site-packages/my_robot_controller
[1.022s] byte-compiling /home/ros2/ros2_ws/install/my_robot_controller/lib/python3.10/site-packages/my_robot_controller/__init__.py to __init__.cpython-310.pyc
[1.022s] running install_data
[1.022s] creating /home/ros2/ros2_ws/install/my_robot_controller/share/ament_index
[1.022s] creating /home/ros2/ros2_ws/install/my_robot_controller/share/ament_index/resource_index
[1.022s] creating /home/ros2/ros2_ws/install/my_robot_controller/share/ament_index/resource_index/packages
[1.022s] copying resource/my_robot_controller -> /home/ros2/ros2_ws/install/my_robot_controller/share/ament_index/resource_index/packages
[1.022s] copying package.xml -> /home/ros2/ros2_ws/install/my_robot_controller/share/my_robot_controller
[1.023s] running install_egg_info
[1.024s] Copying ../../build/my_robot_controller/my_robot_controller.egg-info to /home/ros2/ros2_ws/install/my_robot_controller/lib/python3.10/site-packages/my_robot_controller-0.0.0-py3.10.egg-info
[1.025s] running install_scripts
[1.050s] writing list of installed files to '/home/ros2/ros2_ws/build/my_robot_controller/install.log'
[1.086s] Invoked command in '/home/ros2/ros2_ws/src/my_robot_controller' returned '0': PYTHONPATH=/home/ros2/ros2_ws/build/my_robot_controller/prefix_override:/usr/lib/python3/dist-packages/colcon_core/task/python/colcon_distutils_commands:/home/ros2/ros2_ws/install/my_robot_controller/lib/python3.10/site-packages:${PYTHONPATH} /usr/bin/python3 -W ignore:setup.py install is deprecated setup.py egg_info --egg-base ../../build/my_robot_controller build --build-base /home/ros2/ros2_ws/build/my_robot_controller/build install --record /home/ros2/ros2_ws/build/my_robot_controller/install.log --single-version-externally-managed install_data
