[0.346s] DEBUG:colcon:Command line arguments: ['/usr/bin/colcon', 'build']
[0.347s] DEBUG:colcon:Parsed command line arguments: Namespace(log_base=None, log_level=None, verb_name='build', build_base='build', install_base='install', merge_install=False, symlink_install=False, test_result_base=None, continue_on_error=False, executor='parallel', parallel_workers=6, event_handlers=None, ignore_user_meta=False, metas=['./colcon.meta'], base_paths=['.'], packages_ignore=None, packages_ignore_regex=None, paths=None, packages_up_to=None, packages_up_to_regex=None, packages_above=None, packages_above_and_dependencies=None, packages_above_depth=None, packages_select_by_dep=None, packages_skip_by_dep=None, packages_skip_up_to=None, packages_select_build_failed=False, packages_skip_build_finished=False, packages_select_test_failures=False, packages_skip_test_passed=False, packages_select=None, packages_skip=None, packages_select_regex=None, packages_skip_regex=None, packages_start=None, packages_end=None, allow_overriding=[], cmake_args=None, cmake_target=None, cmake_target_skip_unavailable=False, cmake_clean_cache=False, cmake_clean_first=False, cmake_force_configure=False, ament_cmake_args=None, catkin_cmake_args=None, catkin_skip_building_tests=False, verb_parser=<colcon_defaults.argument_parser.defaults.DefaultArgumentsDecorator object at 0xffffa62506a0>, verb_extension=<colcon_core.verb.build.BuildVerb object at 0xffffa634dae0>, main=<bound method BuildVerb.main of <colcon_core.verb.build.BuildVerb object at 0xffffa634dae0>>)
[0.867s] Level 1:colcon.colcon_core.package_discovery:discover_packages(colcon_meta) check parameters
[0.868s] Level 1:colcon.colcon_core.package_discovery:discover_packages(recursive) check parameters
[0.868s] Level 1:colcon.colcon_core.package_discovery:discover_packages(ignore) check parameters
[0.868s] Level 1:colcon.colcon_core.package_discovery:discover_packages(path) check parameters
[0.868s] Level 1:colcon.colcon_core.package_discovery:discover_packages(colcon_meta) discover
[0.868s] Level 1:colcon.colcon_core.package_discovery:discover_packages(recursive) discover
[0.869s] INFO:colcon.colcon_core.package_discovery:Crawling recursively for packages in '/home/ros2/ros2_ws'
[0.869s] Level 1:colcon.colcon_core.package_identification:_identify(.) by extensions ['ignore', 'ignore_ament_install']
[0.869s] Level 1:colcon.colcon_core.package_identification:_identify(.) by extension 'ignore'
[0.870s] Level 1:colcon.colcon_core.package_identification:_identify(.) by extension 'ignore_ament_install'
[0.870s] Level 1:colcon.colcon_core.package_identification:_identify(.) by extensions ['colcon_pkg']
[0.870s] Level 1:colcon.colcon_core.package_identification:_identify(.) by extension 'colcon_pkg'
[0.870s] Level 1:colcon.colcon_core.package_identification:_identify(.) by extensions ['colcon_meta']
[0.870s] Level 1:colcon.colcon_core.package_identification:_identify(.) by extension 'colcon_meta'
[0.870s] Level 1:colcon.colcon_core.package_identification:_identify(.) by extensions ['ros']
[0.870s] Level 1:colcon.colcon_core.package_identification:_identify(.) by extension 'ros'
[0.906s] Level 1:colcon.colcon_core.package_identification:_identify(.) by extensions ['cmake', 'python']
[0.906s] Level 1:colcon.colcon_core.package_identification:_identify(.) by extension 'cmake'
[0.906s] Level 1:colcon.colcon_core.package_identification:_identify(.) by extension 'python'
[0.906s] Level 1:colcon.colcon_core.package_identification:_identify(.) by extensions ['python_setup_py']
[0.907s] Level 1:colcon.colcon_core.package_identification:_identify(.) by extension 'python_setup_py'
[0.907s] Level 1:colcon.colcon_core.package_identification:_identify(build) by extensions ['ignore', 'ignore_ament_install']
[0.907s] Level 1:colcon.colcon_core.package_identification:_identify(build) by extension 'ignore'
[0.908s] Level 1:colcon.colcon_core.package_identification:_identify(build) ignored
[0.908s] Level 1:colcon.colcon_core.package_identification:_identify(install) by extensions ['ignore', 'ignore_ament_install']
[0.908s] Level 1:colcon.colcon_core.package_identification:_identify(install) by extension 'ignore'
[0.908s] Level 1:colcon.colcon_core.package_identification:_identify(install) ignored
[0.909s] Level 1:colcon.colcon_core.package_identification:_identify(log) by extensions ['ignore', 'ignore_ament_install']
[0.909s] Level 1:colcon.colcon_core.package_identification:_identify(log) by extension 'ignore'
[0.910s] Level 1:colcon.colcon_core.package_identification:_identify(log) ignored
[0.910s] Level 1:colcon.colcon_core.package_identification:_identify(src) by extensions ['ignore', 'ignore_ament_install']
[0.910s] Level 1:colcon.colcon_core.package_identification:_identify(src) by extension 'ignore'
[0.910s] Level 1:colcon.colcon_core.package_identification:_identify(src) by extension 'ignore_ament_install'
[0.910s] Level 1:colcon.colcon_core.package_identification:_identify(src) by extensions ['colcon_pkg']
[0.911s] Level 1:colcon.colcon_core.package_identification:_identify(src) by extension 'colcon_pkg'
[0.911s] Level 1:colcon.colcon_core.package_identification:_identify(src) by extensions ['colcon_meta']
[0.911s] Level 1:colcon.colcon_core.package_identification:_identify(src) by extension 'colcon_meta'
[0.911s] Level 1:colcon.colcon_core.package_identification:_identify(src) by extensions ['ros']
[0.911s] Level 1:colcon.colcon_core.package_identification:_identify(src) by extension 'ros'
[0.911s] Level 1:colcon.colcon_core.package_identification:_identify(src) by extensions ['cmake', 'python']
[0.912s] Level 1:colcon.colcon_core.package_identification:_identify(src) by extension 'cmake'
[0.912s] Level 1:colcon.colcon_core.package_identification:_identify(src) by extension 'python'
[0.912s] Level 1:colcon.colcon_core.package_identification:_identify(src) by extensions ['python_setup_py']
[0.912s] Level 1:colcon.colcon_core.package_identification:_identify(src) by extension 'python_setup_py'
[0.912s] Level 1:colcon.colcon_core.package_identification:_identify(src/my_robot_controller) by extensions ['ignore', 'ignore_ament_install']
[0.912s] Level 1:colcon.colcon_core.package_identification:_identify(src/my_robot_controller) by extension 'ignore'
[0.913s] Level 1:colcon.colcon_core.package_identification:_identify(src/my_robot_controller) by extension 'ignore_ament_install'
[0.913s] Level 1:colcon.colcon_core.package_identification:_identify(src/my_robot_controller) by extensions ['colcon_pkg']
[0.913s] Level 1:colcon.colcon_core.package_identification:_identify(src/my_robot_controller) by extension 'colcon_pkg'
[0.913s] Level 1:colcon.colcon_core.package_identification:_identify(src/my_robot_controller) by extensions ['colcon_meta']
[0.913s] Level 1:colcon.colcon_core.package_identification:_identify(src/my_robot_controller) by extension 'colcon_meta'
[0.913s] Level 1:colcon.colcon_core.package_identification:_identify(src/my_robot_controller) by extensions ['ros']
[0.914s] Level 1:colcon.colcon_core.package_identification:_identify(src/my_robot_controller) by extension 'ros'
[0.922s] DEBUG:colcon.colcon_core.package_identification:Package 'src/my_robot_controller' with type 'ros.ament_python' and name 'my_robot_controller'
[0.922s] Level 1:colcon.colcon_core.package_discovery:discover_packages(recursive) using defaults
[0.922s] Level 1:colcon.colcon_core.package_discovery:discover_packages(ignore) discover
[0.922s] Level 1:colcon.colcon_core.package_discovery:discover_packages(ignore) using defaults
[0.922s] Level 1:colcon.colcon_core.package_discovery:discover_packages(path) discover
[0.922s] Level 1:colcon.colcon_core.package_discovery:discover_packages(path) using defaults
[0.995s] Level 1:colcon.colcon_core.package_discovery:discover_packages(prefix_path) check parameters
[0.996s] Level 1:colcon.colcon_core.package_discovery:discover_packages(prefix_path) discover
[1.010s] DEBUG:colcon.colcon_installed_package_information.package_discovery:Found 1 installed packages in /home/ros2/ros2_ws/install
[1.012s] DEBUG:colcon.colcon_installed_package_information.package_discovery:Found 1 installed packages in /home/txst-robotics/ros2_ws1/install
[1.015s] DEBUG:colcon.colcon_installed_package_information.package_discovery:Found 270 installed packages in /opt/ros/humble
[1.019s] Level 1:colcon.colcon_core.package_discovery:discover_packages(prefix_path) using defaults
[1.255s] Level 5:colcon.colcon_core.verb:set package 'my_robot_controller' build argument 'cmake_args' from command line to 'None'
[1.256s] Level 5:colcon.colcon_core.verb:set package 'my_robot_controller' build argument 'cmake_target' from command line to 'None'
[1.256s] Level 5:colcon.colcon_core.verb:set package 'my_robot_controller' build argument 'cmake_target_skip_unavailable' from command line to 'False'
[1.256s] Level 5:colcon.colcon_core.verb:set package 'my_robot_controller' build argument 'cmake_clean_cache' from command line to 'False'
[1.256s] Level 5:colcon.colcon_core.verb:set package 'my_robot_controller' build argument 'cmake_clean_first' from command line to 'False'
[1.256s] Level 5:colcon.colcon_core.verb:set package 'my_robot_controller' build argument 'cmake_force_configure' from command line to 'False'
[1.256s] Level 5:colcon.colcon_core.verb:set package 'my_robot_controller' build argument 'ament_cmake_args' from command line to 'None'
[1.257s] Level 5:colcon.colcon_core.verb:set package 'my_robot_controller' build argument 'catkin_cmake_args' from command line to 'None'
[1.257s] Level 5:colcon.colcon_core.verb:set package 'my_robot_controller' build argument 'catkin_skip_building_tests' from command line to 'False'
[1.257s] DEBUG:colcon.colcon_core.verb:Building package 'my_robot_controller' with the following arguments: {'ament_cmake_args': None, 'build_base': '/home/ros2/ros2_ws/build/my_robot_controller', 'catkin_cmake_args': None, 'catkin_skip_building_tests': False, 'cmake_args': None, 'cmake_clean_cache': False, 'cmake_clean_first': False, 'cmake_force_configure': False, 'cmake_target': None, 'cmake_target_skip_unavailable': False, 'install_base': '/home/ros2/ros2_ws/install/my_robot_controller', 'merge_install': False, 'path': '/home/ros2/ros2_ws/src/my_robot_controller', 'symlink_install': False, 'test_result_base': None}
[1.257s] INFO:colcon.colcon_core.executor:Executing jobs using 'parallel' executor
[1.262s] DEBUG:colcon.colcon_parallel_executor.executor.parallel:run_until_complete
[1.263s] INFO:colcon.colcon_ros.task.ament_python.build:Building ROS package in '/home/ros2/ros2_ws/src/my_robot_controller' with build type 'ament_python'
[1.263s] Level 1:colcon.colcon_core.shell:create_environment_hook('my_robot_controller', 'ament_prefix_path')
[1.270s] INFO:colcon.colcon_core.plugin_system:Skipping extension 'colcon_core.shell.bat': Not used on non-Windows systems
[1.271s] INFO:colcon.colcon_core.shell:Creating environment hook '/home/ros2/ros2_ws/install/my_robot_controller/share/my_robot_controller/hook/ament_prefix_path.ps1'
[1.274s] INFO:colcon.colcon_core.shell:Creating environment descriptor '/home/ros2/ros2_ws/install/my_robot_controller/share/my_robot_controller/hook/ament_prefix_path.dsv'
[1.276s] INFO:colcon.colcon_core.shell:Creating environment hook '/home/ros2/ros2_ws/install/my_robot_controller/share/my_robot_controller/hook/ament_prefix_path.sh'
[1.279s] INFO:colcon.colcon_core.shell:Skip shell extension 'powershell' for command environment: Not usable outside of PowerShell
[1.279s] DEBUG:colcon.colcon_core.shell:Skip shell extension 'dsv' for command environment
[1.858s] INFO:colcon.colcon_core.task.python.build:Building Python package in '/home/ros2/ros2_ws/src/my_robot_controller'
[1.858s] INFO:colcon.colcon_core.shell:Skip shell extension 'powershell' for command environment: Not usable outside of PowerShell
[1.859s] DEBUG:colcon.colcon_core.shell:Skip shell extension 'dsv' for command environment
[3.082s] DEBUG:colcon.colcon_core.event_handler.log_command:Invoking command in '/home/ros2/ros2_ws/src/my_robot_controller': PYTHONPATH=/home/ros2/ros2_ws/build/my_robot_controller/prefix_override:/usr/lib/python3/dist-packages/colcon_core/task/python/colcon_distutils_commands:/home/ros2/ros2_ws/install/my_robot_controller/lib/python3.10/site-packages:${PYTHONPATH} /usr/bin/python3 -W ignore:setup.py install is deprecated setup.py egg_info --egg-base ../../build/my_robot_controller build --build-base /home/ros2/ros2_ws/build/my_robot_controller/build install --record /home/ros2/ros2_ws/build/my_robot_controller/install.log --single-version-externally-managed install_data
[4.162s] DEBUG:colcon.colcon_core.event_handler.log_command:Invoked command in '/home/ros2/ros2_ws/src/my_robot_controller' returned '0': PYTHONPATH=/home/ros2/ros2_ws/build/my_robot_controller/prefix_override:/usr/lib/python3/dist-packages/colcon_core/task/python/colcon_distutils_commands:/home/ros2/ros2_ws/install/my_robot_controller/lib/python3.10/site-packages:${PYTHONPATH} /usr/bin/python3 -W ignore:setup.py install is deprecated setup.py egg_info --egg-base ../../build/my_robot_controller build --build-base /home/ros2/ros2_ws/build/my_robot_controller/build install --record /home/ros2/ros2_ws/build/my_robot_controller/install.log --single-version-externally-managed install_data
[4.179s] Level 1:colcon.colcon_core.environment:checking '/home/ros2/ros2_ws/install/my_robot_controller' for CMake module files
[4.182s] Level 1:colcon.colcon_core.environment:checking '/home/ros2/ros2_ws/install/my_robot_controller' for CMake config files
[4.186s] Level 1:colcon.colcon_core.environment:checking '/home/ros2/ros2_ws/install/my_robot_controller/lib'
[4.187s] Level 1:colcon.colcon_core.environment:checking '/home/ros2/ros2_ws/install/my_robot_controller/bin'
[4.187s] Level 1:colcon.colcon_core.environment:checking '/home/ros2/ros2_ws/install/my_robot_controller/lib/pkgconfig/my_robot_controller.pc'
[4.188s] Level 1:colcon.colcon_core.environment:checking '/home/ros2/ros2_ws/install/my_robot_controller/lib/python3.10/site-packages'
[4.188s] Level 1:colcon.colcon_core.shell:create_environment_hook('my_robot_controller', 'pythonpath')
[4.189s] INFO:colcon.colcon_core.shell:Creating environment hook '/home/ros2/ros2_ws/install/my_robot_controller/share/my_robot_controller/hook/pythonpath.ps1'
[4.191s] INFO:colcon.colcon_core.shell:Creating environment descriptor '/home/ros2/ros2_ws/install/my_robot_controller/share/my_robot_controller/hook/pythonpath.dsv'
[4.192s] INFO:colcon.colcon_core.shell:Creating environment hook '/home/ros2/ros2_ws/install/my_robot_controller/share/my_robot_controller/hook/pythonpath.sh'
[4.194s] Level 1:colcon.colcon_core.environment:checking '/home/ros2/ros2_ws/install/my_robot_controller/bin'
[4.194s] Level 1:colcon.colcon_core.environment:create_environment_scripts_only(my_robot_controller)
[4.195s] INFO:colcon.colcon_core.shell:Creating package script '/home/ros2/ros2_ws/install/my_robot_controller/share/my_robot_controller/package.ps1'
[4.198s] INFO:colcon.colcon_core.shell:Creating package descriptor '/home/ros2/ros2_ws/install/my_robot_controller/share/my_robot_controller/package.dsv'
[4.200s] INFO:colcon.colcon_core.shell:Creating package script '/home/ros2/ros2_ws/install/my_robot_controller/share/my_robot_controller/package.sh'
[4.203s] INFO:colcon.colcon_core.shell:Creating package script '/home/ros2/ros2_ws/install/my_robot_controller/share/my_robot_controller/package.bash'
[4.205s] INFO:colcon.colcon_core.shell:Creating package script '/home/ros2/ros2_ws/install/my_robot_controller/share/my_robot_controller/package.zsh'
[4.208s] Level 1:colcon.colcon_core.environment:create_file_with_runtime_dependencies(/home/ros2/ros2_ws/install/my_robot_controller/share/colcon-core/packages/my_robot_controller)
[4.209s] DEBUG:colcon.colcon_parallel_executor.executor.parallel:closing loop
[4.210s] DEBUG:colcon.colcon_parallel_executor.executor.parallel:loop closed
[4.211s] DEBUG:colcon.colcon_parallel_executor.executor.parallel:run_until_complete finished with '0'
[4.211s] DEBUG:colcon.colcon_core.event_reactor:joining thread
[4.230s] INFO:colcon.colcon_core.plugin_system:Skipping extension 'colcon_notification.desktop_notification.terminal_notifier': Not used on non-Darwin systems
[4.230s] INFO:colcon.colcon_core.plugin_system:Skipping extension 'colcon_notification.desktop_notification.win32': Not used on non-Windows systems
[4.231s] INFO:colcon.colcon_notification.desktop_notification:Sending desktop notification using 'notify2'
[4.286s] DEBUG:colcon.colcon_core.event_reactor:joined thread
[4.287s] INFO:colcon.colcon_core.shell:Creating prefix script '/home/ros2/ros2_ws/install/local_setup.ps1'
[4.292s] INFO:colcon.colcon_core.shell:Creating prefix util module '/home/ros2/ros2_ws/install/_local_setup_util_ps1.py'
[4.297s] INFO:colcon.colcon_core.shell:Creating prefix chain script '/home/ros2/ros2_ws/install/setup.ps1'
[4.302s] INFO:colcon.colcon_core.shell:Creating prefix script '/home/ros2/ros2_ws/install/local_setup.sh'
[4.305s] INFO:colcon.colcon_core.shell:Creating prefix util module '/home/ros2/ros2_ws/install/_local_setup_util_sh.py'
[4.308s] INFO:colcon.colcon_core.shell:Creating prefix chain script '/home/ros2/ros2_ws/install/setup.sh'
[4.312s] INFO:colcon.colcon_core.shell:Creating prefix script '/home/ros2/ros2_ws/install/local_setup.bash'
[4.314s] INFO:colcon.colcon_core.shell:Creating prefix chain script '/home/ros2/ros2_ws/install/setup.bash'
[4.319s] INFO:colcon.colcon_core.shell:Creating prefix script '/home/ros2/ros2_ws/install/local_setup.zsh'
[4.321s] INFO:colcon.colcon_core.shell:Creating prefix chain script '/home/ros2/ros2_ws/install/setup.zsh'
