[0.733s] Invoking command in '/home/ros2/ros2_ws/build/my_robot_controller': PYTHONPATH=/home/ros2/ros2_ws/build/my_robot_controller/prefix_override:/usr/lib/python3/dist-packages/colcon_core/task/python/colcon_distutils_commands:/home/ros2/ros2_ws/install/my_robot_controller/lib/python3.10/site-packages:${PYTHONPATH} /usr/bin/python3 -W ignore:setup.py install is deprecated setup.py develop --editable --build-directory /home/ros2/ros2_ws/build/my_robot_controller/build --no-deps symlink_data --force
[1.033s] running develop
[1.045s] /usr/lib/python3/dist-packages/setuptools/command/easy_install.py:158: EasyInstallDeprecationWarning: easy_install command is deprecated. Use build and pip and other standards-based tools.
[1.045s]   warnings.warn(
[1.236s] running egg_info
[1.236s] writing my_robot_controller.egg-info/PKG-INFO
[1.237s] writing dependency_links to my_robot_controller.egg-info/dependency_links.txt
[1.237s] writing entry points to my_robot_controller.egg-info/entry_points.txt
[1.237s] writing requirements to my_robot_controller.egg-info/requires.txt
[1.237s] writing top-level names to my_robot_controller.egg-info/top_level.txt
[1.239s] reading manifest file 'my_robot_controller.egg-info/SOURCES.txt'
[1.240s] writing manifest file 'my_robot_controller.egg-info/SOURCES.txt'
[1.242s] running build_ext
[1.242s] Creating /home/ros2/ros2_ws/install/my_robot_controller/lib/python3.10/site-packages/my-robot-controller.egg-link (link to .)
[1.243s] Installing test_node script to /home/ros2/ros2_ws/install/my_robot_controller/lib/my_robot_controller
[1.243s] 
[1.243s] Installed /home/ros2/ros2_ws/build/my_robot_controller
[1.244s] running symlink_data
[1.244s] symbolically linking /home/ros2/ros2_ws/build/my_robot_controller/resource/my_robot_controller -> /home/ros2/ros2_ws/install/my_robot_controller/share/ament_index/resource_index/packages
[1.244s] symbolically linking /home/ros2/ros2_ws/build/my_robot_controller/package.xml -> /home/ros2/ros2_ws/install/my_robot_controller/share/my_robot_controller
[1.279s] Invoked command in '/home/ros2/ros2_ws/build/my_robot_controller' returned '0': PYTHONPATH=/home/ros2/ros2_ws/build/my_robot_controller/prefix_override:/usr/lib/python3/dist-packages/colcon_core/task/python/colcon_distutils_commands:/home/ros2/ros2_ws/install/my_robot_controller/lib/python3.10/site-packages:${PYTHONPATH} /usr/bin/python3 -W ignore:setup.py install is deprecated setup.py develop --editable --build-directory /home/ros2/ros2_ws/build/my_robot_controller/build --no-deps symlink_data --force
