[2.712s] Invoking command in '/home/ros2/ros2_ws/src/teleop_twist_keyboard-dashing': PYTHONPATH=/home/ros2/ros2_ws/build/teleop_twist_keyboard/prefix_override:/usr/lib/python3/dist-packages/colcon_core/task/python/colcon_distutils_commands:/home/ros2/ros2_ws/install/teleop_twist_keyboard/lib/python3.10/site-packages:${PYTHONPATH} /usr/bin/python3 -W ignore:setup.py install is deprecated setup.py egg_info --egg-base ../../build/teleop_twist_keyboard build --build-base /home/ros2/ros2_ws/build/teleop_twist_keyboard/build install --record /home/ros2/ros2_ws/build/teleop_twist_keyboard/install.log --single-version-externally-managed install_data
[3.414s] running egg_info
[3.416s] writing ../../build/teleop_twist_keyboard/teleop_twist_keyboard.egg-info/PKG-INFO
[3.417s] writing dependency_links to ../../build/teleop_twist_keyboard/teleop_twist_keyboard.egg-info/dependency_links.txt
[3.418s] writing entry points to ../../build/teleop_twist_keyboard/teleop_twist_keyboard.egg-info/entry_points.txt
[3.419s] writing requirements to ../../build/teleop_twist_keyboard/teleop_twist_keyboard.egg-info/requires.txt
[3.420s] writing top-level names to ../../build/teleop_twist_keyboard/teleop_twist_keyboard.egg-info/top_level.txt
[3.425s] reading manifest file '../../build/teleop_twist_keyboard/teleop_twist_keyboard.egg-info/SOURCES.txt'
[3.427s] adding license file 'LICENSE'
[3.429s] writing manifest file '../../build/teleop_twist_keyboard/teleop_twist_keyboard.egg-info/SOURCES.txt'
[3.429s] running build
[3.430s] running build_py
[3.430s] running install
[3.431s] running install_lib
[3.435s] running install_data
[3.436s] running install_egg_info
[3.441s] removing '/home/ros2/ros2_ws/install/teleop_twist_keyboard/lib/python3.10/site-packages/teleop_twist_keyboard-2.4.0-py3.10.egg-info' (and everything under it)
[3.442s] Copying ../../build/teleop_twist_keyboard/teleop_twist_keyboard.egg-info to /home/ros2/ros2_ws/install/teleop_twist_keyboard/lib/python3.10/site-packages/teleop_twist_keyboard-2.4.0-py3.10.egg-info
[3.446s] running install_scripts
[3.517s] Installing teleop_twist_keyboard script to /home/ros2/ros2_ws/install/teleop_twist_keyboard/lib/teleop_twist_keyboard
[3.518s] writing list of installed files to '/home/ros2/ros2_ws/build/teleop_twist_keyboard/install.log'
[3.630s] Invoked command in '/home/ros2/ros2_ws/src/teleop_twist_keyboard-dashing' returned '0': PYTHONPATH=/home/ros2/ros2_ws/build/teleop_twist_keyboard/prefix_override:/usr/lib/python3/dist-packages/colcon_core/task/python/colcon_distutils_commands:/home/ros2/ros2_ws/install/teleop_twist_keyboard/lib/python3.10/site-packages:${PYTHONPATH} /usr/bin/python3 -W ignore:setup.py install is deprecated setup.py egg_info --egg-base ../../build/teleop_twist_keyboard build --build-base /home/ros2/ros2_ws/build/teleop_twist_keyboard/build install --record /home/ros2/ros2_ws/build/teleop_twist_keyboard/install.log --single-version-externally-managed install_data
