[3.180s] Invoking command in '/home/ros2/ros2_ws/src/teleop_twist_keyboard-dashing': PYTHONPATH=/home/ros2/ros2_ws/build/teleop_twist_keyboard/prefix_override:/usr/lib/python3/dist-packages/colcon_core/task/python/colcon_distutils_commands:/home/ros2/ros2_ws/install/teleop_twist_keyboard/lib/python3.10/site-packages:${PYTHONPATH} /usr/bin/python3 -W ignore:setup.py install is deprecated setup.py egg_info --egg-base ../../build/teleop_twist_keyboard build --build-base /home/ros2/ros2_ws/build/teleop_twist_keyboard/build install --record /home/ros2/ros2_ws/build/teleop_twist_keyboard/install.log --single-version-externally-managed install_data
[4.014s] running egg_info
[4.016s] writing ../../build/teleop_twist_keyboard/teleop_twist_keyboard.egg-info/PKG-INFO
[4.017s] writing dependency_links to ../../build/teleop_twist_keyboard/teleop_twist_keyboard.egg-info/dependency_links.txt
[4.018s] writing entry points to ../../build/teleop_twist_keyboard/teleop_twist_keyboard.egg-info/entry_points.txt
[4.018s] writing requirements to ../../build/teleop_twist_keyboard/teleop_twist_keyboard.egg-info/requires.txt
[4.019s] writing top-level names to ../../build/teleop_twist_keyboard/teleop_twist_keyboard.egg-info/top_level.txt
[4.024s] reading manifest file '../../build/teleop_twist_keyboard/teleop_twist_keyboard.egg-info/SOURCES.txt'
[4.025s] adding license file 'LICENSE'
[4.031s] writing manifest file '../../build/teleop_twist_keyboard/teleop_twist_keyboard.egg-info/SOURCES.txt'
[4.032s] running build
[4.032s] running build_py
[4.032s] running install
[4.033s] running install_lib
[4.037s] running install_data
[4.038s] running install_egg_info
[4.045s] removing '/home/ros2/ros2_ws/install/teleop_twist_keyboard/lib/python3.10/site-packages/teleop_twist_keyboard-2.4.0-py3.10.egg-info' (and everything under it)
[4.046s] Copying ../../build/teleop_twist_keyboard/teleop_twist_keyboard.egg-info to /home/ros2/ros2_ws/install/teleop_twist_keyboard/lib/python3.10/site-packages/teleop_twist_keyboard-2.4.0-py3.10.egg-info
[4.051s] running install_scripts
[4.119s] Installing teleop_twist_keyboard script to /home/ros2/ros2_ws/install/teleop_twist_keyboard/lib/teleop_twist_keyboard
[4.120s] writing list of installed files to '/home/ros2/ros2_ws/build/teleop_twist_keyboard/install.log'
[4.261s] Invoked command in '/home/ros2/ros2_ws/src/teleop_twist_keyboard-dashing' returned '0': PYTHONPATH=/home/ros2/ros2_ws/build/teleop_twist_keyboard/prefix_override:/usr/lib/python3/dist-packages/colcon_core/task/python/colcon_distutils_commands:/home/ros2/ros2_ws/install/teleop_twist_keyboard/lib/python3.10/site-packages:${PYTHONPATH} /usr/bin/python3 -W ignore:setup.py install is deprecated setup.py egg_info --egg-base ../../build/teleop_twist_keyboard build --build-base /home/ros2/ros2_ws/build/teleop_twist_keyboard/build install --record /home/ros2/ros2_ws/build/teleop_twist_keyboard/install.log --single-version-externally-managed install_data
