[2.725s] Invoking command in '/home/ros2/ros2_ws/src/my_robot_controller': PYTHONPATH=/home/ros2/ros2_ws/build/my_robot_controller/prefix_override:/usr/lib/python3/dist-packages/colcon_core/task/python/colcon_distutils_commands:/home/ros2/ros2_ws/install/my_robot_controller/lib/python3.10/site-packages:${PYTHONPATH} /usr/bin/python3 -W ignore:setup.py install is deprecated setup.py egg_info --egg-base ../../build/my_robot_controller build --build-base /home/ros2/ros2_ws/build/my_robot_controller/build install --record /home/ros2/ros2_ws/build/my_robot_controller/install.log --single-version-externally-managed install_data
[3.573s] running egg_info
[3.575s] writing ../../build/my_robot_controller/my_robot_controller.egg-info/PKG-INFO
[3.576s] writing dependency_links to ../../build/my_robot_controller/my_robot_controller.egg-info/dependency_links.txt
[3.577s] writing entry points to ../../build/my_robot_controller/my_robot_controller.egg-info/entry_points.txt
[3.577s] writing requirements to ../../build/my_robot_controller/my_robot_controller.egg-info/requires.txt
[3.578s] writing top-level names to ../../build/my_robot_controller/my_robot_controller.egg-info/top_level.txt
[3.589s] reading manifest file '../../build/my_robot_controller/my_robot_controller.egg-info/SOURCES.txt'
[3.592s] writing manifest file '../../build/my_robot_controller/my_robot_controller.egg-info/SOURCES.txt'
[3.592s] running build
[3.593s] running build_py
[3.594s] copying my_robot_controller/serial_test.py -> /home/ros2/ros2_ws/build/my_robot_controller/build/lib/my_robot_controller
[3.595s] running install
[3.596s] running install_lib
[3.599s] copying /home/ros2/ros2_ws/build/my_robot_controller/build/lib/my_robot_controller/serial_test.py -> /home/ros2/ros2_ws/install/my_robot_controller/lib/python3.10/site-packages/my_robot_controller
[3.602s] byte-compiling /home/ros2/ros2_ws/install/my_robot_controller/lib/python3.10/site-packages/my_robot_controller/serial_test.py to serial_test.cpython-310.pyc
[3.604s] running install_data
[3.605s] running install_egg_info
[3.610s] removing '/home/ros2/ros2_ws/install/my_robot_controller/lib/python3.10/site-packages/my_robot_controller-0.0.0-py3.10.egg-info' (and everything under it)
[3.611s] Copying ../../build/my_robot_controller/my_robot_controller.egg-info to /home/ros2/ros2_ws/install/my_robot_controller/lib/python3.10/site-packages/my_robot_controller-0.0.0-py3.10.egg-info
[3.614s] running install_scripts
[3.687s] Installing distance script to /home/ros2/ros2_ws/install/my_robot_controller/lib/my_robot_controller
[3.687s] Installing draw_circle script to /home/ros2/ros2_ws/install/my_robot_controller/lib/my_robot_controller
[3.688s] Installing face_tracker_node script to /home/ros2/ros2_ws/install/my_robot_controller/lib/my_robot_controller
[3.688s] Installing motor_controller script to /home/ros2/ros2_ws/install/my_robot_controller/lib/my_robot_controller
[3.689s] Installing pose_subscriber script to /home/ros2/ros2_ws/install/my_robot_controller/lib/my_robot_controller
[3.689s] Installing serial_test script to /home/ros2/ros2_ws/install/my_robot_controller/lib/my_robot_controller
[3.690s] Installing test_node script to /home/ros2/ros2_ws/install/my_robot_controller/lib/my_robot_controller
[3.690s] Installing turtle_controller script to /home/ros2/ros2_ws/install/my_robot_controller/lib/my_robot_controller
[3.692s] writing list of installed files to '/home/ros2/ros2_ws/build/my_robot_controller/install.log'
[3.813s] Invoked command in '/home/ros2/ros2_ws/src/my_robot_controller' returned '0': PYTHONPATH=/home/ros2/ros2_ws/build/my_robot_controller/prefix_override:/usr/lib/python3/dist-packages/colcon_core/task/python/colcon_distutils_commands:/home/ros2/ros2_ws/install/my_robot_controller/lib/python3.10/site-packages:${PYTHONPATH} /usr/bin/python3 -W ignore:setup.py install is deprecated setup.py egg_info --egg-base ../../build/my_robot_controller build --build-base /home/ros2/ros2_ws/build/my_robot_controller/build install --record /home/ros2/ros2_ws/build/my_robot_controller/install.log --single-version-externally-managed install_data
