[0.737s] Invoking command in '/home/ros2/ros2_ws/build/my_robot_controller': PYTHONPATH=/home/ros2/ros2_ws/build/my_robot_controller/prefix_override:/usr/lib/python3/dist-packages/colcon_core/task/python/colcon_distutils_commands:/home/ros2/ros2_ws/install/my_robot_controller/lib/python3.10/site-packages:${PYTHONPATH} /usr/bin/python3 -W ignore:setup.py install is deprecated setup.py develop --editable --build-directory /home/ros2/ros2_ws/build/my_robot_controller/build --no-deps symlink_data
[1.044s] running develop
[1.046s] /usr/lib/python3/dist-packages/setuptools/command/easy_install.py:158: EasyInstallDeprecationWarning: easy_install command is deprecated. Use build and pip and other standards-based tools.
[1.046s]   warnings.warn(
[1.238s] running egg_info
[1.238s] writing my_robot_controller.egg-info/PKG-INFO
[1.239s] writing dependency_links to my_robot_controller.egg-info/dependency_links.txt
[1.239s] writing entry points to my_robot_controller.egg-info/entry_points.txt
[1.239s] writing requirements to my_robot_controller.egg-info/requires.txt
[1.239s] writing top-level names to my_robot_controller.egg-info/top_level.txt
[1.242s] reading manifest file 'my_robot_controller.egg-info/SOURCES.txt'
[1.243s] writing manifest file 'my_robot_controller.egg-info/SOURCES.txt'
[1.246s] running build_ext
[1.246s] Creating /home/ros2/ros2_ws/install/my_robot_controller/lib/python3.10/site-packages/my-robot-controller.egg-link (link to .)
[1.247s] Installing draw_circle script to /home/ros2/ros2_ws/install/my_robot_controller/lib/my_robot_controller
[1.248s] Installing pose_subscriber script to /home/ros2/ros2_ws/install/my_robot_controller/lib/my_robot_controller
[1.248s] Installing test_node script to /home/ros2/ros2_ws/install/my_robot_controller/lib/my_robot_controller
[1.248s] 
[1.248s] Installed /home/ros2/ros2_ws/build/my_robot_controller
[1.248s] running symlink_data
[1.292s] Invoked command in '/home/ros2/ros2_ws/build/my_robot_controller' returned '0': PYTHONPATH=/home/ros2/ros2_ws/build/my_robot_controller/prefix_override:/usr/lib/python3/dist-packages/colcon_core/task/python/colcon_distutils_commands:/home/ros2/ros2_ws/install/my_robot_controller/lib/python3.10/site-packages:${PYTHONPATH} /usr/bin/python3 -W ignore:setup.py install is deprecated setup.py develop --editable --build-directory /home/ros2/ros2_ws/build/my_robot_controller/build --no-deps symlink_data
