[3.536s] Invoking command in '/home/ros2/ros2_ws/src/teleop_twist_keyboard-dashing': PYTHONPATH=/home/ros2/ros2_ws/build/teleop_twist_keyboard/prefix_override:/usr/lib/python3/dist-packages/colcon_core/task/python/colcon_distutils_commands:/home/ros2/ros2_ws/install/teleop_twist_keyboard/lib/python3.10/site-packages:${PYTHONPATH} /usr/bin/python3 -W ignore:setup.py install is deprecated setup.py egg_info --egg-base ../../build/teleop_twist_keyboard build --build-base /home/ros2/ros2_ws/build/teleop_twist_keyboard/build install --record /home/ros2/ros2_ws/build/teleop_twist_keyboard/install.log --single-version-externally-managed install_data
[4.064s] running egg_info
[4.065s] creating ../../build/teleop_twist_keyboard/teleop_twist_keyboard.egg-info
[4.065s] writing ../../build/teleop_twist_keyboard/teleop_twist_keyboard.egg-info/PKG-INFO
[4.066s] writing dependency_links to ../../build/teleop_twist_keyboard/teleop_twist_keyboard.egg-info/dependency_links.txt
[4.066s] writing entry points to ../../build/teleop_twist_keyboard/teleop_twist_keyboard.egg-info/entry_points.txt
[4.067s] writing requirements to ../../build/teleop_twist_keyboard/teleop_twist_keyboard.egg-info/requires.txt
[4.067s] writing top-level names to ../../build/teleop_twist_keyboard/teleop_twist_keyboard.egg-info/top_level.txt
[4.067s] writing manifest file '../../build/teleop_twist_keyboard/teleop_twist_keyboard.egg-info/SOURCES.txt'
[4.070s] reading manifest file '../../build/teleop_twist_keyboard/teleop_twist_keyboard.egg-info/SOURCES.txt'
[4.074s] adding license file 'LICENSE'
[4.075s] writing manifest file '../../build/teleop_twist_keyboard/teleop_twist_keyboard.egg-info/SOURCES.txt'
[4.075s] running build
[4.075s] running build_py
[4.076s] creating /home/ros2/ros2_ws/build/teleop_twist_keyboard/build
[4.076s] creating /home/ros2/ros2_ws/build/teleop_twist_keyboard/build/lib
[4.076s] copying teleop_twist_keyboard.py -> /home/ros2/ros2_ws/build/teleop_twist_keyboard/build/lib
[4.079s] running install
[4.080s] running install_lib
[4.081s] copying /home/ros2/ros2_ws/build/teleop_twist_keyboard/build/lib/teleop_twist_keyboard.py -> /home/ros2/ros2_ws/install/teleop_twist_keyboard/lib/python3.10/site-packages
[4.082s] byte-compiling /home/ros2/ros2_ws/install/teleop_twist_keyboard/lib/python3.10/site-packages/teleop_twist_keyboard.py to teleop_twist_keyboard.cpython-310.pyc
[4.085s] running install_data
[4.085s] creating /home/ros2/ros2_ws/install/teleop_twist_keyboard/share/ament_index
[4.086s] creating /home/ros2/ros2_ws/install/teleop_twist_keyboard/share/ament_index/resource_index
[4.086s] creating /home/ros2/ros2_ws/install/teleop_twist_keyboard/share/ament_index/resource_index/packages
[4.086s] copying resource/teleop_twist_keyboard -> /home/ros2/ros2_ws/install/teleop_twist_keyboard/share/ament_index/resource_index/packages
[4.086s] copying package.xml -> /home/ros2/ros2_ws/install/teleop_twist_keyboard/share/teleop_twist_keyboard
[4.086s] running install_egg_info
[4.090s] Copying ../../build/teleop_twist_keyboard/teleop_twist_keyboard.egg-info to /home/ros2/ros2_ws/install/teleop_twist_keyboard/lib/python3.10/site-packages/teleop_twist_keyboard-2.4.0-py3.10.egg-info
[4.092s] running install_scripts
[4.135s] Installing teleop_twist_keyboard script to /home/ros2/ros2_ws/install/teleop_twist_keyboard/lib/teleop_twist_keyboard
[4.135s] writing list of installed files to '/home/ros2/ros2_ws/build/teleop_twist_keyboard/install.log'
[4.214s] Invoked command in '/home/ros2/ros2_ws/src/teleop_twist_keyboard-dashing' returned '0': PYTHONPATH=/home/ros2/ros2_ws/build/teleop_twist_keyboard/prefix_override:/usr/lib/python3/dist-packages/colcon_core/task/python/colcon_distutils_commands:/home/ros2/ros2_ws/install/teleop_twist_keyboard/lib/python3.10/site-packages:${PYTHONPATH} /usr/bin/python3 -W ignore:setup.py install is deprecated setup.py egg_info --egg-base ../../build/teleop_twist_keyboard build --build-base /home/ros2/ros2_ws/build/teleop_twist_keyboard/build install --record /home/ros2/ros2_ws/build/teleop_twist_keyboard/install.log --single-version-externally-managed install_data
