running egg_info
creating ../../build/my_robot_controller/my_robot_controller.egg-info
writing ../../build/my_robot_controller/my_robot_controller.egg-info/PKG-INFO
writing dependency_links to ../../build/my_robot_controller/my_robot_controller.egg-info/dependency_links.txt
writing entry points to ../../build/my_robot_controller/my_robot_controller.egg-info/entry_points.txt
writing requirements to ../../build/my_robot_controller/my_robot_controller.egg-info/requires.txt
writing top-level names to ../../build/my_robot_controller/my_robot_controller.egg-info/top_level.txt
writing manifest file '../../build/my_robot_controller/my_robot_controller.egg-info/SOURCES.txt'
reading manifest file '../../build/my_robot_controller/my_robot_controller.egg-info/SOURCES.txt'
writing manifest file '../../build/my_robot_controller/my_robot_controller.egg-info/SOURCES.txt'
running build
running build_py
creating /home/ros2/ros2_ws/build/my_robot_controller/build
creating /home/ros2/ros2_ws/build/my_robot_controller/build/lib
creating /home/ros2/ros2_ws/build/my_robot_controller/build/lib/my_robot_controller
copying my_robot_controller/camera_control.py -> /home/ros2/ros2_ws/build/my_robot_controller/build/lib/my_robot_controller
copying my_robot_controller/__init__.py -> /home/ros2/ros2_ws/build/my_robot_controller/build/lib/my_robot_controller
copying my_robot_controller/seriallist.py -> /home/ros2/ros2_ws/build/my_robot_controller/build/lib/my_robot_controller
copying my_robot_controller/keyboard_capture.py -> /home/ros2/ros2_ws/build/my_robot_controller/build/lib/my_robot_controller
copying my_robot_controller/transbot_keyboard.py -> /home/ros2/ros2_ws/build/my_robot_controller/build/lib/my_robot_controller
copying my_robot_controller/motor_controller.py -> /home/ros2/ros2_ws/build/my_robot_controller/build/lib/my_robot_controller
copying my_robot_controller/distance.py -> /home/ros2/ros2_ws/build/my_robot_controller/build/lib/my_robot_controller
copying my_robot_controller/my_first_node.py -> /home/ros2/ros2_ws/build/my_robot_controller/build/lib/my_robot_controller
copying my_robot_controller/preset_node.py -> /home/ros2/ros2_ws/build/my_robot_controller/build/lib/my_robot_controller
copying my_robot_controller/pose_subscriber.py -> /home/ros2/ros2_ws/build/my_robot_controller/build/lib/my_robot_controller
copying my_robot_controller/face_tracker_node.py -> /home/ros2/ros2_ws/build/my_robot_controller/build/lib/my_robot_controller
copying my_robot_controller/draw_circle.py -> /home/ros2/ros2_ws/build/my_robot_controller/build/lib/my_robot_controller
copying my_robot_controller/serial_test.py -> /home/ros2/ros2_ws/build/my_robot_controller/build/lib/my_robot_controller
copying my_robot_controller/turtle_controller.py -> /home/ros2/ros2_ws/build/my_robot_controller/build/lib/my_robot_controller
running install
running install_lib
creating /home/ros2/ros2_ws/install/my_robot_controller/lib/python3.10/site-packages/my_robot_controller
copying /home/ros2/ros2_ws/build/my_robot_controller/build/lib/my_robot_controller/camera_control.py -> /home/ros2/ros2_ws/install/my_robot_controller/lib/python3.10/site-packages/my_robot_controller
copying /home/ros2/ros2_ws/build/my_robot_controller/build/lib/my_robot_controller/__init__.py -> /home/ros2/ros2_ws/install/my_robot_controller/lib/python3.10/site-packages/my_robot_controller
copying /home/ros2/ros2_ws/build/my_robot_controller/build/lib/my_robot_controller/seriallist.py -> /home/ros2/ros2_ws/install/my_robot_controller/lib/python3.10/site-packages/my_robot_controller
copying /home/ros2/ros2_ws/build/my_robot_controller/build/lib/my_robot_controller/keyboard_capture.py -> /home/ros2/ros2_ws/install/my_robot_controller/lib/python3.10/site-packages/my_robot_controller
copying /home/ros2/ros2_ws/build/my_robot_controller/build/lib/my_robot_controller/transbot_keyboard.py -> /home/ros2/ros2_ws/install/my_robot_controller/lib/python3.10/site-packages/my_robot_controller
copying /home/ros2/ros2_ws/build/my_robot_controller/build/lib/my_robot_controller/motor_controller.py -> /home/ros2/ros2_ws/install/my_robot_controller/lib/python3.10/site-packages/my_robot_controller
copying /home/ros2/ros2_ws/build/my_robot_controller/build/lib/my_robot_controller/distance.py -> /home/ros2/ros2_ws/install/my_robot_controller/lib/python3.10/site-packages/my_robot_controller
copying /home/ros2/ros2_ws/build/my_robot_controller/build/lib/my_robot_controller/my_first_node.py -> /home/ros2/ros2_ws/install/my_robot_controller/lib/python3.10/site-packages/my_robot_controller
copying /home/ros2/ros2_ws/build/my_robot_controller/build/lib/my_robot_controller/preset_node.py -> /home/ros2/ros2_ws/install/my_robot_controller/lib/python3.10/site-packages/my_robot_controller
copying /home/ros2/ros2_ws/build/my_robot_controller/build/lib/my_robot_controller/pose_subscriber.py -> /home/ros2/ros2_ws/install/my_robot_controller/lib/python3.10/site-packages/my_robot_controller
copying /home/ros2/ros2_ws/build/my_robot_controller/build/lib/my_robot_controller/face_tracker_node.py -> /home/ros2/ros2_ws/install/my_robot_controller/lib/python3.10/site-packages/my_robot_controller
copying /home/ros2/ros2_ws/build/my_robot_controller/build/lib/my_robot_controller/draw_circle.py -> /home/ros2/ros2_ws/install/my_robot_controller/lib/python3.10/site-packages/my_robot_controller
copying /home/ros2/ros2_ws/build/my_robot_controller/build/lib/my_robot_controller/serial_test.py -> /home/ros2/ros2_ws/install/my_robot_controller/lib/python3.10/site-packages/my_robot_controller
copying /home/ros2/ros2_ws/build/my_robot_controller/build/lib/my_robot_controller/turtle_controller.py -> /home/ros2/ros2_ws/install/my_robot_controller/lib/python3.10/site-packages/my_robot_controller
byte-compiling /home/ros2/ros2_ws/install/my_robot_controller/lib/python3.10/site-packages/my_robot_controller/camera_control.py to camera_control.cpython-310.pyc
byte-compiling /home/ros2/ros2_ws/install/my_robot_controller/lib/python3.10/site-packages/my_robot_controller/__init__.py to __init__.cpython-310.pyc
byte-compiling /home/ros2/ros2_ws/install/my_robot_controller/lib/python3.10/site-packages/my_robot_controller/seriallist.py to seriallist.cpython-310.pyc
byte-compiling /home/ros2/ros2_ws/install/my_robot_controller/lib/python3.10/site-packages/my_robot_controller/keyboard_capture.py to keyboard_capture.cpython-310.pyc
byte-compiling /home/ros2/ros2_ws/install/my_robot_controller/lib/python3.10/site-packages/my_robot_controller/transbot_keyboard.py to transbot_keyboard.cpython-310.pyc
byte-compiling /home/ros2/ros2_ws/install/my_robot_controller/lib/python3.10/site-packages/my_robot_controller/motor_controller.py to motor_controller.cpython-310.pyc
byte-compiling /home/ros2/ros2_ws/install/my_robot_controller/lib/python3.10/site-packages/my_robot_controller/distance.py to distance.cpython-310.pyc
byte-compiling /home/ros2/ros2_ws/install/my_robot_controller/lib/python3.10/site-packages/my_robot_controller/my_first_node.py to my_first_node.cpython-310.pyc
byte-compiling /home/ros2/ros2_ws/install/my_robot_controller/lib/python3.10/site-packages/my_robot_controller/preset_node.py to preset_node.cpython-310.pyc
byte-compiling /home/ros2/ros2_ws/install/my_robot_controller/lib/python3.10/site-packages/my_robot_controller/pose_subscriber.py to pose_subscriber.cpython-310.pyc
byte-compiling /home/ros2/ros2_ws/install/my_robot_controller/lib/python3.10/site-packages/my_robot_controller/face_tracker_node.py to face_tracker_node.cpython-310.pyc
byte-compiling /home/ros2/ros2_ws/install/my_robot_controller/lib/python3.10/site-packages/my_robot_controller/draw_circle.py to draw_circle.cpython-310.pyc
byte-compiling /home/ros2/ros2_ws/install/my_robot_controller/lib/python3.10/site-packages/my_robot_controller/serial_test.py to serial_test.cpython-310.pyc
byte-compiling /home/ros2/ros2_ws/install/my_robot_controller/lib/python3.10/site-packages/my_robot_controller/turtle_controller.py to turtle_controller.cpython-310.pyc
running install_data
creating /home/ros2/ros2_ws/install/my_robot_controller/share/ament_index
creating /home/ros2/ros2_ws/install/my_robot_controller/share/ament_index/resource_index
creating /home/ros2/ros2_ws/install/my_robot_controller/share/ament_index/resource_index/packages
copying resource/my_robot_controller -> /home/ros2/ros2_ws/install/my_robot_controller/share/ament_index/resource_index/packages
copying package.xml -> /home/ros2/ros2_ws/install/my_robot_controller/share/my_robot_controller
running install_egg_info
Copying ../../build/my_robot_controller/my_robot_controller.egg-info to /home/ros2/ros2_ws/install/my_robot_controller/lib/python3.10/site-packages/my_robot_controller-0.0.0-py3.10.egg-info
running install_scripts
Installing camera_control script to /home/ros2/ros2_ws/install/my_robot_controller/lib/my_robot_controller
Installing distance script to /home/ros2/ros2_ws/install/my_robot_controller/lib/my_robot_controller
Installing draw_circle script to /home/ros2/ros2_ws/install/my_robot_controller/lib/my_robot_controller
Installing face_tracker_node script to /home/ros2/ros2_ws/install/my_robot_controller/lib/my_robot_controller
Installing keyboard_capture script to /home/ros2/ros2_ws/install/my_robot_controller/lib/my_robot_controller
Installing motor_controller script to /home/ros2/ros2_ws/install/my_robot_controller/lib/my_robot_controller
Installing pose_subscriber script to /home/ros2/ros2_ws/install/my_robot_controller/lib/my_robot_controller
Installing preset_node script to /home/ros2/ros2_ws/install/my_robot_controller/lib/my_robot_controller
Installing serial_test script to /home/ros2/ros2_ws/install/my_robot_controller/lib/my_robot_controller
Installing test_node script to /home/ros2/ros2_ws/install/my_robot_controller/lib/my_robot_controller
Installing turtle_controller script to /home/ros2/ros2_ws/install/my_robot_controller/lib/my_robot_controller
writing list of installed files to '/home/ros2/ros2_ws/build/my_robot_controller/install.log'
