[1.216s] Invoking command in '/home/ros2/ros2_ws/src/my_robot_controller': PYTHONPATH=/home/ros2/ros2_ws/build/my_robot_controller/prefix_override:/usr/lib/python3/dist-packages/colcon_core/task/python/colcon_distutils_commands:/home/ros2/ros2_ws/install/my_robot_controller/lib/python3.10/site-packages:${PYTHONPATH} /usr/bin/python3 -W ignore:setup.py install is deprecated setup.py egg_info --egg-base ../../build/my_robot_controller build --build-base /home/ros2/ros2_ws/build/my_robot_controller/build install --record /home/ros2/ros2_ws/build/my_robot_controller/install.log --single-version-externally-managed install_data
[1.692s] running egg_info
[1.693s] writing ../../build/my_robot_controller/my_robot_controller.egg-info/PKG-INFO
[1.693s] writing dependency_links to ../../build/my_robot_controller/my_robot_controller.egg-info/dependency_links.txt
[1.694s] writing entry points to ../../build/my_robot_controller/my_robot_controller.egg-info/entry_points.txt
[1.694s] writing requirements to ../../build/my_robot_controller/my_robot_controller.egg-info/requires.txt
[1.695s] writing top-level names to ../../build/my_robot_controller/my_robot_controller.egg-info/top_level.txt
[1.698s] reading manifest file '../../build/my_robot_controller/my_robot_controller.egg-info/SOURCES.txt'
[1.700s] writing manifest file '../../build/my_robot_controller/my_robot_controller.egg-info/SOURCES.txt'
[1.700s] running build
[1.700s] running build_py
[1.701s] copying my_robot_controller/face_tracker_node.py -> /home/ros2/ros2_ws/build/my_robot_controller/build/lib/my_robot_controller
[1.702s] running install
[1.702s] running install_lib
[1.704s] copying /home/ros2/ros2_ws/build/my_robot_controller/build/lib/my_robot_controller/face_tracker_node.py -> /home/ros2/ros2_ws/install/my_robot_controller/lib/python3.10/site-packages/my_robot_controller
[1.705s] byte-compiling /home/ros2/ros2_ws/install/my_robot_controller/lib/python3.10/site-packages/my_robot_controller/face_tracker_node.py to face_tracker_node.cpython-310.pyc
[1.708s] running install_data
[1.708s] running install_egg_info
[1.711s] removing '/home/ros2/ros2_ws/install/my_robot_controller/lib/python3.10/site-packages/my_robot_controller-0.0.0-py3.10.egg-info' (and everything under it)
[1.712s] Copying ../../build/my_robot_controller/my_robot_controller.egg-info to /home/ros2/ros2_ws/install/my_robot_controller/lib/python3.10/site-packages/my_robot_controller-0.0.0-py3.10.egg-info
[1.714s] running install_scripts
[1.755s] Installing draw_circle script to /home/ros2/ros2_ws/install/my_robot_controller/lib/my_robot_controller
[1.756s] Installing face_tracker_node script to /home/ros2/ros2_ws/install/my_robot_controller/lib/my_robot_controller
[1.756s] Installing pose_subscriber script to /home/ros2/ros2_ws/install/my_robot_controller/lib/my_robot_controller
[1.756s] Installing test_node script to /home/ros2/ros2_ws/install/my_robot_controller/lib/my_robot_controller
[1.756s] Installing turtle_controller script to /home/ros2/ros2_ws/install/my_robot_controller/lib/my_robot_controller
[1.757s] writing list of installed files to '/home/ros2/ros2_ws/build/my_robot_controller/install.log'
[1.820s] Invoked command in '/home/ros2/ros2_ws/src/my_robot_controller' returned '0': PYTHONPATH=/home/ros2/ros2_ws/build/my_robot_controller/prefix_override:/usr/lib/python3/dist-packages/colcon_core/task/python/colcon_distutils_commands:/home/ros2/ros2_ws/install/my_robot_controller/lib/python3.10/site-packages:${PYTHONPATH} /usr/bin/python3 -W ignore:setup.py install is deprecated setup.py egg_info --egg-base ../../build/my_robot_controller build --build-base /home/ros2/ros2_ws/build/my_robot_controller/build install --record /home/ros2/ros2_ws/build/my_robot_controller/install.log --single-version-externally-managed install_data
